170616 16:57:58  InnoDB: Database was not shut down normally!
InnoDB: Starting crash recovery.
InnoDB: Reading tablespace information from the .ibd files...
InnoDB: Restoring possible half-written data pages from the doublewrite
InnoDB: buffer...
170616 16:57:58  InnoDB: Starting log scan based on checkpoint at
InnoDB: log sequence number 0 2808043.
InnoDB: Doing recovery: scanned up to log sequence number 0 2808043
170616 16:57:59  InnoDB: Started; log sequence number 0 2808043
170616 16:57:59 [Note] mysqld: ready for connections.
Version: '5.0.22-community'  socket: ''  port: 3306  MySQL Community Edition (GPL)
170616 16:59:10  InnoDB: Operating system error number 32 in a file operation.
InnoDB: Some operating system error numbers are described at
InnoDB: http://dev.mysql.com/doc/mysql/en/Operating_System_error_codes.html
InnoDB: File name .\ibdata1
InnoDB: File operation call: 'open'.
InnoDB: Cannot continue operation.
170617 11:50:36  InnoDB: Database was not shut down normally!
InnoDB: Starting crash recovery.
InnoDB: Reading tablespace information from the .ibd files...
InnoDB: Restoring possible half-written data pages from the doublewrite
InnoDB: buffer...
170617 11:50:36  InnoDB: Starting log scan based on checkpoint at
InnoDB: log sequence number 0 2808053.
InnoDB: Doing recovery: scanned up to log sequence number 0 2808053
170617 11:50:37  InnoDB: Started; log sequence number 0 2808053
170617 11:50:37 [Note] mysqld: ready for connections.
Version: '5.0.22-community'  socket: ''  port: 3306  MySQL Community Edition (GPL)
170617 11:50:40  InnoDB: Operating system error number 32 in a file operation.
InnoDB: Some operating system error numbers are described at
InnoDB: http://dev.mysql.com/doc/mysql/en/Operating_System_error_codes.html
InnoDB: File name .\ibdata1
InnoDB: File operation call: 'open'.
InnoDB: Cannot continue operation.
170620 23:09:07  InnoDB: Database was not shut down normally!
InnoDB: Starting crash recovery.
InnoDB: Reading tablespace information from the .ibd files...
InnoDB: Restoring possible half-written data pages from the doublewrite
InnoDB: buffer...
170620 23:09:07  InnoDB: Starting log scan based on checkpoint at
InnoDB: log sequence number 0 2808053.
InnoDB: Doing recovery: scanned up to log sequence number 0 2808053
170620 23:09:07  InnoDB: Started; log sequence number 0 2808053
170620 23:09:07 [Note] mysqld: ready for connections.
Version: '5.0.22-community'  socket: ''  port: 3306  MySQL Community Edition (GPL)
170620 23:09:08  InnoDB: Operating system error number 32 in a file operation.
InnoDB: Some operating system error numbers are described at
InnoDB: http://dev.mysql.com/doc/mysql/en/Operating_System_error_codes.html
InnoDB: File name .\ibdata1
InnoDB: File operation call: 'open'.
InnoDB: Cannot continue operation.
170704 10:21:05  InnoDB: Database was not shut down normally!
InnoDB: Starting crash recovery.
InnoDB: Reading tablespace information from the .ibd files...
InnoDB: Restoring possible half-written data pages from the doublewrite
InnoDB: buffer...
170704 10:21:06  InnoDB: Starting log scan based on checkpoint at
InnoDB: log sequence number 0 2808053.
InnoDB: Doing recovery: scanned up to log sequence number 0 2808053
170704 10:21:06  InnoDB: Started; log sequence number 0 2808053
170704 10:21:06 [Note] mysqld: ready for connections.
Version: '5.0.22-community'  socket: ''  port: 3306  MySQL Community Edition (GPL)
170704 16:17:05  InnoDB: Database was not shut down normally!
InnoDB: Starting crash recovery.
InnoDB: Reading tablespace information from the .ibd files...
InnoDB: Restoring possible half-written data pages from the doublewrite
InnoDB: buffer...
170704 16:17:05  InnoDB: Starting log scan based on checkpoint at
InnoDB: log sequence number 0 2808053.
InnoDB: Doing recovery: scanned up to log sequence number 0 2808053
170704 16:17:05  InnoDB: Started; log sequence number 0 2808053
170704 16:17:05 [Note] mysqld: ready for connections.
Version: '5.0.22-community'  socket: ''  port: 3306  MySQL Community Edition (GPL)
170705  9:22:13  InnoDB: Database was not shut down normally!
InnoDB: Starting crash recovery.
InnoDB: Reading tablespace information from the .ibd files...
InnoDB: Restoring possible half-written data pages from the doublewrite
InnoDB: buffer...
170705  9:22:13  InnoDB: Starting log scan based on checkpoint at
InnoDB: log sequence number 0 2808053.
InnoDB: Doing recovery: scanned up to log sequence number 0 2808053
170705  9:22:13  InnoDB: Started; log sequence number 0 2808053
170705  9:22:13 [Note] mysqld: ready for connections.
Version: '5.0.22-community'  socket: ''  port: 3306  MySQL Community Edition (GPL)
170706 12:53:31  InnoDB: Database was not shut down normally!
InnoDB: Starting crash recovery.
InnoDB: Reading tablespace information from the .ibd files...
InnoDB: Restoring possible half-written data pages from the doublewrite
InnoDB: buffer...
170706 12:53:31  InnoDB: Starting log scan based on checkpoint at
InnoDB: log sequence number 0 2808053.
InnoDB: Doing recovery: scanned up to log sequence number 0 2808053
170706 12:53:31  InnoDB: Started; log sequence number 0 2808053
170706 12:53:31 [Note] mysqld: ready for connections.
Version: '5.0.22-community'  socket: ''  port: 3306  MySQL Community Edition (GPL)
170706 16:54:34  InnoDB: Database was not shut down normally!
InnoDB: Starting crash recovery.
InnoDB: Reading tablespace information from the .ibd files...
InnoDB: Restoring possible half-written data pages from the doublewrite
InnoDB: buffer...
170706 16:54:34  InnoDB: Starting log scan based on checkpoint at
InnoDB: log sequence number 0 2808053.
InnoDB: Doing recovery: scanned up to log sequence number 0 2808053
170706 16:54:35  InnoDB: Started; log sequence number 0 2808053
170706 16:54:35 [Note] mysqld: ready for connections.
Version: '5.0.22-community'  socket: ''  port: 3306  MySQL Community Edition (GPL)
170706 23:00:25  InnoDB: Database was not shut down normally!
InnoDB: Starting crash recovery.
InnoDB: Reading tablespace information from the .ibd files...
InnoDB: Restoring possible half-written data pages from the doublewrite
InnoDB: buffer...
170706 23:00:25  InnoDB: Starting log scan based on checkpoint at
InnoDB: log sequence number 0 2828522.
InnoDB: Doing recovery: scanned up to log sequence number 0 2828522
170706 23:00:25  InnoDB: Started; log sequence number 0 2828522
170706 23:00:25 [Note] mysqld: ready for connections.
Version: '5.0.22-community'  socket: ''  port: 3306  MySQL Community Edition (GPL)
170707  9:12:51  InnoDB: Database was not shut down normally!
InnoDB: Starting crash recovery.
InnoDB: Reading tablespace information from the .ibd files...
InnoDB: Restoring possible half-written data pages from the doublewrite
InnoDB: buffer...
170707  9:12:51  InnoDB: Starting log scan based on checkpoint at
InnoDB: log sequence number 0 2828522.
InnoDB: Doing recovery: scanned up to log sequence number 0 2828522
170707  9:12:51  InnoDB: Started; log sequence number 0 2828522
170707  9:12:51 [Note] mysqld: ready for connections.
Version: '5.0.22-community'  socket: ''  port: 3306  MySQL Community Edition (GPL)
170708 10:14:38  InnoDB: Database was not shut down normally!
InnoDB: Starting crash recovery.
InnoDB: Reading tablespace information from the .ibd files...
InnoDB: Restoring possible half-written data pages from the doublewrite
InnoDB: buffer...
170708 10:14:38  InnoDB: Starting log scan based on checkpoint at
InnoDB: log sequence number 0 2828522.
InnoDB: Doing recovery: scanned up to log sequence number 0 2828522
170708 10:14:38  InnoDB: Started; log sequence number 0 2828522
170708 10:14:38 [Note] mysqld: ready for connections.
Version: '5.0.22-community'  socket: ''  port: 3306  MySQL Community Edition (GPL)
170709 14:19:57  InnoDB: Database was not shut down normally!
InnoDB: Starting crash recovery.
InnoDB: Reading tablespace information from the .ibd files...
InnoDB: Restoring possible half-written data pages from the doublewrite
InnoDB: buffer...
170709 14:19:57  InnoDB: Starting log scan based on checkpoint at
InnoDB: log sequence number 0 2828522.
InnoDB: Doing recovery: scanned up to log sequence number 0 2828522
170709 14:19:57  InnoDB: Started; log sequence number 0 2828522
170709 14:19:57 [Note] mysqld: ready for connections.
Version: '5.0.22-community'  socket: ''  port: 3306  MySQL Community Edition (GPL)
170710 14:45:15  InnoDB: Database was not shut down normally!
InnoDB: Starting crash recovery.
InnoDB: Reading tablespace information from the .ibd files...
InnoDB: Restoring possible half-written data pages from the doublewrite
InnoDB: buffer...
170710 14:45:15  InnoDB: Starting log scan based on checkpoint at
InnoDB: log sequence number 0 2828522.
InnoDB: Doing recovery: scanned up to log sequence number 0 2828522
170710 14:45:15  InnoDB: Started; log sequence number 0 2828522
170710 14:45:15 [Note] mysqld: ready for connections.
Version: '5.0.22-community'  socket: ''  port: 3306  MySQL Community Edition (GPL)
170711  9:05:23  InnoDB: Database was not shut down normally!
InnoDB: Starting crash recovery.
InnoDB: Reading tablespace information from the .ibd files...
InnoDB: Restoring possible half-written data pages from the doublewrite
InnoDB: buffer...
170711  9:05:23  InnoDB: Starting log scan based on checkpoint at
InnoDB: log sequence number 0 2828522.
InnoDB: Doing recovery: scanned up to log sequence number 0 2828522
170711  9:05:23  InnoDB: Started; log sequence number 0 2828522
170711  9:05:23 [Note] mysqld: ready for connections.
Version: '5.0.22-community'  socket: ''  port: 3306  MySQL Community Edition (GPL)
170711 14:05:24  InnoDB: Database was not shut down normally!
InnoDB: Starting crash recovery.
InnoDB: Reading tablespace information from the .ibd files...
InnoDB: Restoring possible half-written data pages from the doublewrite
InnoDB: buffer...
170711 14:05:24  InnoDB: Starting log scan based on checkpoint at
InnoDB: log sequence number 0 2828522.
InnoDB: Doing recovery: scanned up to log sequence number 0 2828522
170711 14:05:24  InnoDB: Started; log sequence number 0 2828522
170711 14:05:24 [Note] mysqld: ready for connections.
Version: '5.0.22-community'  socket: ''  port: 3306  MySQL Community Edition (GPL)
170711 17:53:56  InnoDB: Database was not shut down normally!
InnoDB: Starting crash recovery.
InnoDB: Reading tablespace information from the .ibd files...
InnoDB: Restoring possible half-written data pages from the doublewrite
InnoDB: buffer...
170711 17:53:56  InnoDB: Starting log scan based on checkpoint at
InnoDB: log sequence number 0 2835026.
InnoDB: Doing recovery: scanned up to log sequence number 0 2835026
170711 17:53:56  InnoDB: Started; log sequence number 0 2835026
170711 17:53:56 [Note] mysqld: ready for connections.
Version: '5.0.22-community'  socket: ''  port: 3306  MySQL Community Edition (GPL)
170712 13:50:43  InnoDB: Operating system error number 32 in a file operation.
InnoDB: Some operating system error numbers are described at
InnoDB: http://dev.mysql.com/doc/mysql/en/Operating_System_error_codes.html
InnoDB: File name .\ibdata1
InnoDB: File operation call: 'open'.
InnoDB: Cannot continue operation.
170712 13:50:48  InnoDB: Operating system error number 32 in a file operation.
InnoDB: Some operating system error numbers are described at
InnoDB: http://dev.mysql.com/doc/mysql/en/Operating_System_error_codes.html
InnoDB: File name .\ibdata1
InnoDB: File operation call: 'open'.
InnoDB: Cannot continue operation.
170712 13:50:59  InnoDB: Operating system error number 32 in a file operation.
InnoDB: Some operating system error numbers are described at
InnoDB: http://dev.mysql.com/doc/mysql/en/Operating_System_error_codes.html
InnoDB: File name .\ibdata1
InnoDB: File operation call: 'open'.
InnoDB: Cannot continue operation.
170712 13:51:00  InnoDB: Operating system error number 32 in a file operation.
InnoDB: Some operating system error numbers are described at
InnoDB: http://dev.mysql.com/doc/mysql/en/Operating_System_error_codes.html
InnoDB: File name .\ibdata1
InnoDB: File operation call: 'open'.
InnoDB: Cannot continue operation.
170712 13:51:01  InnoDB: Operating system error number 32 in a file operation.
InnoDB: Some operating system error numbers are described at
InnoDB: http://dev.mysql.com/doc/mysql/en/Operating_System_error_codes.html
InnoDB: File name .\ibdata1
InnoDB: File operation call: 'open'.
InnoDB: Cannot continue operation.
170712 13:51:02  InnoDB: Operating system error number 32 in a file operation.
InnoDB: Some operating system error numbers are described at
InnoDB: http://dev.mysql.com/doc/mysql/en/Operating_System_error_codes.html
InnoDB: File name .\ibdata1
InnoDB: File operation call: 'open'.
InnoDB: Cannot continue operation.
170712 19:51:09  InnoDB: Database was not shut down normally!
InnoDB: Starting crash recovery.
InnoDB: Reading tablespace information from the .ibd files...
InnoDB: Restoring possible half-written data pages from the doublewrite
InnoDB: buffer...
170712 19:51:10  InnoDB: Starting log scan based on checkpoint at
InnoDB: log sequence number 0 2835637.
InnoDB: Doing recovery: scanned up to log sequence number 0 2835637
170712 19:51:10  InnoDB: Started; log sequence number 0 2835637
170712 19:51:10 [Note] mysqld: ready for connections.
Version: '5.0.22-community'  socket: ''  port: 3306  MySQL Community Edition (GPL)
170712 22:50:45  InnoDB: Database was not shut down normally!
InnoDB: Starting crash recovery.
InnoDB: Reading tablespace information from the .ibd files...
InnoDB: Restoring possible half-written data pages from the doublewrite
InnoDB: buffer...
170712 22:50:45  InnoDB: Starting log scan based on checkpoint at
InnoDB: log sequence number 0 2835647.
InnoDB: Doing recovery: scanned up to log sequence number 0 2835647
170712 22:50:45  InnoDB: Started; log sequence number 0 2835647
170712 22:50:45 [Note] mysqld: ready for connections.
Version: '5.0.22-community'  socket: ''  port: 3306  MySQL Community Edition (GPL)
170713  9:30:13  InnoDB: Database was not shut down normally!
InnoDB: Starting crash recovery.
InnoDB: Reading tablespace information from the .ibd files...
InnoDB: Restoring possible half-written data pages from the doublewrite
InnoDB: buffer...
170713  9:30:13  InnoDB: Starting log scan based on checkpoint at
InnoDB: log sequence number 0 2835647.
InnoDB: Doing recovery: scanned up to log sequence number 0 2835647
170713  9:30:13  InnoDB: Started; log sequence number 0 2835647
170713  9:30:13 [Note] mysqld: ready for connections.
Version: '5.0.22-community'  socket: ''  port: 3306  MySQL Community Edition (GPL)
170713 22:41:04  InnoDB: Database was not shut down normally!
InnoDB: Starting crash recovery.
InnoDB: Reading tablespace information from the .ibd files...
InnoDB: Restoring possible half-written data pages from the doublewrite
InnoDB: buffer...
170713 22:41:05  InnoDB: Starting log scan based on checkpoint at
InnoDB: log sequence number 0 2835657.
InnoDB: Doing recovery: scanned up to log sequence number 0 2835657
170713 22:41:05  InnoDB: Started; log sequence number 0 2835657
170713 22:41:05 [Note] mysqld: ready for connections.
Version: '5.0.22-community'  socket: ''  port: 3306  MySQL Community Edition (GPL)
170714  9:19:12  InnoDB: Database was not shut down normally!
InnoDB: Starting crash recovery.
InnoDB: Reading tablespace information from the .ibd files...
InnoDB: Restoring possible half-written data pages from the doublewrite
InnoDB: buffer...
170714  9:19:12  InnoDB: Starting log scan based on checkpoint at
InnoDB: log sequence number 0 2835667.
InnoDB: Doing recovery: scanned up to log sequence number 0 2835667
170714  9:19:12  InnoDB: Started; log sequence number 0 2835667
170714  9:19:12 [Note] mysqld: ready for connections.
Version: '5.0.22-community'  socket: ''  port: 3306  MySQL Community Edition (GPL)
170715 14:35:25  InnoDB: Database was not shut down normally!
InnoDB: Starting crash recovery.
InnoDB: Reading tablespace information from the .ibd files...
InnoDB: Restoring possible half-written data pages from the doublewrite
InnoDB: buffer...
170715 14:35:25  InnoDB: Starting log scan based on checkpoint at
InnoDB: log sequence number 0 2842163.
InnoDB: Doing recovery: scanned up to log sequence number 0 2842163
170715 14:35:25  InnoDB: Started; log sequence number 0 2842163
170715 14:35:25 [Note] mysqld: ready for connections.
Version: '5.0.22-community'  socket: ''  port: 3306  MySQL Community Edition (GPL)
170716 18:53:49  InnoDB: Database was not shut down normally!
InnoDB: Starting crash recovery.
InnoDB: Reading tablespace information from the .ibd files...
InnoDB: Restoring possible half-written data pages from the doublewrite
InnoDB: buffer...
170716 18:53:49  InnoDB: Starting log scan based on checkpoint at
InnoDB: log sequence number 0 2842324.
InnoDB: Doing recovery: scanned up to log sequence number 0 2842324
170716 18:53:49  InnoDB: Started; log sequence number 0 2842324
170716 18:53:49 [Note] mysqld: ready for connections.
Version: '5.0.22-community'  socket: ''  port: 3306  MySQL Community Edition (GPL)
170718 16:26:01  InnoDB: Database was not shut down normally!
InnoDB: Starting crash recovery.
InnoDB: Reading tablespace information from the .ibd files...
InnoDB: Restoring possible half-written data pages from the doublewrite
InnoDB: buffer...
170718 16:26:01  InnoDB: Starting log scan based on checkpoint at
InnoDB: log sequence number 0 2842455.
InnoDB: Doing recovery: scanned up to log sequence number 0 2842455
170718 16:26:01  InnoDB: Started; log sequence number 0 2842455
170718 16:26:01 [Note] mysqld: ready for connections.
Version: '5.0.22-community'  socket: ''  port: 3306  MySQL Community Edition (GPL)
170719 10:47:55  InnoDB: Database was not shut down normally!
InnoDB: Starting crash recovery.
InnoDB: Reading tablespace information from the .ibd files...
InnoDB: Restoring possible half-written data pages from the doublewrite
InnoDB: buffer...
170719 10:47:55  InnoDB: Starting log scan based on checkpoint at
InnoDB: log sequence number 0 2842465.
InnoDB: Doing recovery: scanned up to log sequence number 0 2842465
170719 10:47:55  InnoDB: Started; log sequence number 0 2842465
170719 10:47:55 [Note] mysqld: ready for connections.
Version: '5.0.22-community'  socket: ''  port: 3306  MySQL Community Edition (GPL)
170719 18:42:12  InnoDB: Database was not shut down normally!
InnoDB: Starting crash recovery.
InnoDB: Reading tablespace information from the .ibd files...
InnoDB: Restoring possible half-written data pages from the doublewrite
InnoDB: buffer...
170719 18:42:13  InnoDB: Starting log scan based on checkpoint at
InnoDB: log sequence number 0 2842465.
InnoDB: Doing recovery: scanned up to log sequence number 0 2842465
170719 18:42:13  InnoDB: Started; log sequence number 0 2842465
170719 18:42:13 [Note] mysqld: ready for connections.
Version: '5.0.22-community'  socket: ''  port: 3306  MySQL Community Edition (GPL)
170720  9:11:40  InnoDB: Database was not shut down normally!
InnoDB: Starting crash recovery.
InnoDB: Reading tablespace information from the .ibd files...
InnoDB: Restoring possible half-written data pages from the doublewrite
InnoDB: buffer...
170720  9:11:40  InnoDB: Starting log scan based on checkpoint at
InnoDB: log sequence number 0 2842465.
InnoDB: Doing recovery: scanned up to log sequence number 0 2842465
170720  9:11:40  InnoDB: Started; log sequence number 0 2842465
170720  9:11:40 [Note] mysqld: ready for connections.
Version: '5.0.22-community'  socket: ''  port: 3306  MySQL Community Edition (GPL)
170721  9:31:01  InnoDB: Database was not shut down normally!
InnoDB: Starting crash recovery.
InnoDB: Reading tablespace information from the .ibd files...
InnoDB: Restoring possible half-written data pages from the doublewrite
InnoDB: buffer...
170721  9:31:01  InnoDB: Starting log scan based on checkpoint at
InnoDB: log sequence number 0 2842465.
InnoDB: Doing recovery: scanned up to log sequence number 0 2842465
170721  9:31:01  InnoDB: Started; log sequence number 0 2842465
170721  9:31:01 [Note] mysqld: ready for connections.
Version: '5.0.22-community'  socket: ''  port: 3306  MySQL Community Edition (GPL)
170722 14:36:50  InnoDB: Database was not shut down normally!
InnoDB: Starting crash recovery.
InnoDB: Reading tablespace information from the .ibd files...
InnoDB: Restoring possible half-written data pages from the doublewrite
InnoDB: buffer...
170722 14:36:50  InnoDB: Starting log scan based on checkpoint at
InnoDB: log sequence number 0 2842465.
InnoDB: Doing recovery: scanned up to log sequence number 0 2842465
170722 14:36:50  InnoDB: Started; log sequence number 0 2842465
170722 14:36:50 [Note] mysqld: ready for connections.
Version: '5.0.22-community'  socket: ''  port: 3306  MySQL Community Edition (GPL)
170723 14:51:57  InnoDB: Database was not shut down normally!
InnoDB: Starting crash recovery.
InnoDB: Reading tablespace information from the .ibd files...
InnoDB: Restoring possible half-written data pages from the doublewrite
InnoDB: buffer...
170723 14:51:57  InnoDB: Starting log scan based on checkpoint at
InnoDB: log sequence number 0 2842465.
InnoDB: Doing recovery: scanned up to log sequence number 0 2842465
170723 14:51:57  InnoDB: Started; log sequence number 0 2842465
170723 14:51:57 [Note] mysqld: ready for connections.
Version: '5.0.22-community'  socket: ''  port: 3306  MySQL Community Edition (GPL)
170724  9:53:52  InnoDB: Database was not shut down normally!
InnoDB: Starting crash recovery.
InnoDB: Reading tablespace information from the .ibd files...
InnoDB: Restoring possible half-written data pages from the doublewrite
InnoDB: buffer...
170724  9:53:52  InnoDB: Starting log scan based on checkpoint at
InnoDB: log sequence number 0 2842465.
InnoDB: Doing recovery: scanned up to log sequence number 0 2842465
170724  9:53:52  InnoDB: Started; log sequence number 0 2842465
170724  9:53:52 [Note] mysqld: ready for connections.
Version: '5.0.22-community'  socket: ''  port: 3306  MySQL Community Edition (GPL)
170725 19:19:07  InnoDB: Database was not shut down normally!
InnoDB: Starting crash recovery.
InnoDB: Reading tablespace information from the .ibd files...
InnoDB: Restoring possible half-written data pages from the doublewrite
InnoDB: buffer...
170725 19:19:07  InnoDB: Starting log scan based on checkpoint at
InnoDB: log sequence number 0 2842465.
InnoDB: Doing recovery: scanned up to log sequence number 0 2842465
170725 19:19:07  InnoDB: Started; log sequence number 0 2842465
170725 19:19:07 [Note] mysqld: ready for connections.
Version: '5.0.22-community'  socket: ''  port: 3306  MySQL Community Edition (GPL)
170725 20:18:35  InnoDB: Database was not shut down normally!
InnoDB: Starting crash recovery.
InnoDB: Reading tablespace information from the .ibd files...
InnoDB: Restoring possible half-written data pages from the doublewrite
InnoDB: buffer...
170725 20:18:35  InnoDB: Starting log scan based on checkpoint at
InnoDB: log sequence number 0 2842465.
InnoDB: Doing recovery: scanned up to log sequence number 0 2842465
170725 20:18:35  InnoDB: Started; log sequence number 0 2842465
170725 20:18:35 [Note] mysqld: ready for connections.
Version: '5.0.22-community'  socket: ''  port: 3306  MySQL Community Edition (GPL)
170726 14:01:52  InnoDB: Database was not shut down normally!
InnoDB: Starting crash recovery.
InnoDB: Reading tablespace information from the .ibd files...
InnoDB: Restoring possible half-written data pages from the doublewrite
InnoDB: buffer...
170726 14:01:52  InnoDB: Starting log scan based on checkpoint at
InnoDB: log sequence number 0 2842465.
InnoDB: Doing recovery: scanned up to log sequence number 0 2842465
170726 14:01:52  InnoDB: Started; log sequence number 0 2842465
170726 14:01:52 [Note] mysqld: ready for connections.
Version: '5.0.22-community'  socket: ''  port: 3306  MySQL Community Edition (GPL)
170727 11:16:29  InnoDB: Database was not shut down normally!
InnoDB: Starting crash recovery.
InnoDB: Reading tablespace information from the .ibd files...
InnoDB: Restoring possible half-written data pages from the doublewrite
InnoDB: buffer...
170727 11:16:29  InnoDB: Starting log scan based on checkpoint at
InnoDB: log sequence number 0 2842465.
InnoDB: Doing recovery: scanned up to log sequence number 0 2842465
170727 11:16:29  InnoDB: Started; log sequence number 0 2842465
170727 11:16:29 [Note] mysqld: ready for connections.
Version: '5.0.22-community'  socket: ''  port: 3306  MySQL Community Edition (GPL)
170728 10:18:43  InnoDB: Database was not shut down normally!
InnoDB: Starting crash recovery.
InnoDB: Reading tablespace information from the .ibd files...
InnoDB: Restoring possible half-written data pages from the doublewrite
InnoDB: buffer...
170728 10:18:43  InnoDB: Starting log scan based on checkpoint at
InnoDB: log sequence number 0 2842465.
InnoDB: Doing recovery: scanned up to log sequence number 0 2842465
170728 10:18:43  InnoDB: Started; log sequence number 0 2842465
170728 10:18:43 [Note] mysqld: ready for connections.
Version: '5.0.22-community'  socket: ''  port: 3306  MySQL Community Edition (GPL)
170731  9:21:56  InnoDB: Database was not shut down normally!
InnoDB: Starting crash recovery.
InnoDB: Reading tablespace information from the .ibd files...
InnoDB: Restoring possible half-written data pages from the doublewrite
InnoDB: buffer...
170731  9:21:56  InnoDB: Starting log scan based on checkpoint at
InnoDB: log sequence number 0 2842465.
InnoDB: Doing recovery: scanned up to log sequence number 0 2842465
170731  9:21:56  InnoDB: Started; log sequence number 0 2842465
170731  9:21:56 [Note] mysqld: ready for connections.
Version: '5.0.22-community'  socket: ''  port: 3306  MySQL Community Edition (GPL)
170731 13:54:04  InnoDB: Database was not shut down normally!
InnoDB: Starting crash recovery.
InnoDB: Reading tablespace information from the .ibd files...
InnoDB: Restoring possible half-written data pages from the doublewrite
InnoDB: buffer...
170731 13:54:04  InnoDB: Starting log scan based on checkpoint at
InnoDB: log sequence number 0 2842465.
InnoDB: Doing recovery: scanned up to log sequence number 0 2842465
170731 13:54:04  InnoDB: Started; log sequence number 0 2842465
170731 13:54:04 [Note] mysqld: ready for connections.
Version: '5.0.22-community'  socket: ''  port: 3306  MySQL Community Edition (GPL)
170801  9:22:43  InnoDB: Database was not shut down normally!
InnoDB: Starting crash recovery.
InnoDB: Reading tablespace information from the .ibd files...
InnoDB: Restoring possible half-written data pages from the doublewrite
InnoDB: buffer...
170801  9:22:43  InnoDB: Starting log scan based on checkpoint at
InnoDB: log sequence number 0 2842465.
InnoDB: Doing recovery: scanned up to log sequence number 0 2842465
170801  9:22:43  InnoDB: Started; log sequence number 0 2842465
170801  9:22:43 [Note] mysqld: ready for connections.
Version: '5.0.22-community'  socket: ''  port: 3306  MySQL Community Edition (GPL)
170802  9:22:29  InnoDB: Database was not shut down normally!
InnoDB: Starting crash recovery.
InnoDB: Reading tablespace information from the .ibd files...
InnoDB: Restoring possible half-written data pages from the doublewrite
InnoDB: buffer...
170802  9:22:29  InnoDB: Starting log scan based on checkpoint at
InnoDB: log sequence number 0 2842465.
InnoDB: Doing recovery: scanned up to log sequence number 0 2842465
170802  9:22:30  InnoDB: Started; log sequence number 0 2842465
170802  9:22:30 [Note] mysqld: ready for connections.
Version: '5.0.22-community'  socket: ''  port: 3306  MySQL Community Edition (GPL)
170802 16:49:35  InnoDB: Database was not shut down normally!
InnoDB: Starting crash recovery.
InnoDB: Reading tablespace information from the .ibd files...
InnoDB: Restoring possible half-written data pages from the doublewrite
InnoDB: buffer...
170802 16:49:35  InnoDB: Starting log scan based on checkpoint at
InnoDB: log sequence number 0 2842465.
InnoDB: Doing recovery: scanned up to log sequence number 0 2842465
170802 16:49:35  InnoDB: Started; log sequence number 0 2842465
170802 16:49:35 [Note] mysqld: ready for connections.
Version: '5.0.22-community'  socket: ''  port: 3306  MySQL Community Edition (GPL)
170802 17:03:29  InnoDB: Operating system error number 32 in a file operation.
InnoDB: Some operating system error numbers are described at
InnoDB: http://dev.mysql.com/doc/mysql/en/Operating_System_error_codes.html
InnoDB: File name .\ibdata1
InnoDB: File operation call: 'open'.
InnoDB: Cannot continue operation.
170802 17:03:30  InnoDB: Operating system error number 32 in a file operation.
InnoDB: Some operating system error numbers are described at
InnoDB: http://dev.mysql.com/doc/mysql/en/Operating_System_error_codes.html
InnoDB: File name .\ibdata1
InnoDB: File operation call: 'open'.
InnoDB: Cannot continue operation.
170802 19:47:52  InnoDB: Operating system error number 32 in a file operation.
InnoDB: Some operating system error numbers are described at
InnoDB: http://dev.mysql.com/doc/mysql/en/Operating_System_error_codes.html
InnoDB: File name .\ibdata1
InnoDB: File operation call: 'open'.
InnoDB: Cannot continue operation.
170803  9:30:22  InnoDB: Database was not shut down normally!
InnoDB: Starting crash recovery.
InnoDB: Reading tablespace information from the .ibd files...
InnoDB: Restoring possible half-written data pages from the doublewrite
InnoDB: buffer...
170803  9:30:22  InnoDB: Starting log scan based on checkpoint at
InnoDB: log sequence number 0 2842465.
InnoDB: Doing recovery: scanned up to log sequence number 0 2842465
170803  9:30:22  InnoDB: Started; log sequence number 0 2842465
170803  9:30:22 [Note] mysqld: ready for connections.
Version: '5.0.22-community'  socket: ''  port: 3306  MySQL Community Edition (GPL)
170803 19:58:12  InnoDB: Database was not shut down normally!
InnoDB: Starting crash recovery.
InnoDB: Reading tablespace information from the .ibd files...
InnoDB: Restoring possible half-written data pages from the doublewrite
InnoDB: buffer...
170803 19:58:12  InnoDB: Starting log scan based on checkpoint at
InnoDB: log sequence number 0 2842465.
InnoDB: Doing recovery: scanned up to log sequence number 0 2842465
170803 19:58:12  InnoDB: Started; log sequence number 0 2842465
170803 19:58:12 [Note] mysqld: ready for connections.
Version: '5.0.22-community'  socket: ''  port: 3306  MySQL Community Edition (GPL)
170804  9:27:49  InnoDB: Database was not shut down normally!
InnoDB: Starting crash recovery.
InnoDB: Reading tablespace information from the .ibd files...
InnoDB: Restoring possible half-written data pages from the doublewrite
InnoDB: buffer...
170804  9:27:49  InnoDB: Starting log scan based on checkpoint at
InnoDB: log sequence number 0 2842465.
InnoDB: Doing recovery: scanned up to log sequence number 0 2842465
170804  9:27:49  InnoDB: Started; log sequence number 0 2842465
170804  9:27:49 [Note] mysqld: ready for connections.
Version: '5.0.22-community'  socket: ''  port: 3306  MySQL Community Edition (GPL)
170804  9:27:50  InnoDB: Operating system error number 32 in a file operation.
InnoDB: Some operating system error numbers are described at
InnoDB: http://dev.mysql.com/doc/mysql/en/Operating_System_error_codes.html
InnoDB: File name .\ibdata1
InnoDB: File operation call: 'open'.
InnoDB: Cannot continue operation.
170804 14:06:39  InnoDB: Database was not shut down normally!
InnoDB: Starting crash recovery.
InnoDB: Reading tablespace information from the .ibd files...
InnoDB: Restoring possible half-written data pages from the doublewrite
InnoDB: buffer...
170804 14:06:39  InnoDB: Starting log scan based on checkpoint at
InnoDB: log sequence number 0 2842465.
InnoDB: Doing recovery: scanned up to log sequence number 0 2842465
170804 14:06:39  InnoDB: Started; log sequence number 0 2842465
170804 14:06:39 [Note] mysqld: ready for connections.
Version: '5.0.22-community'  socket: ''  port: 3306  MySQL Community Edition (GPL)
170804 14:06:46  InnoDB: Operating system error number 32 in a file operation.
InnoDB: Some operating system error numbers are described at
InnoDB: http://dev.mysql.com/doc/mysql/en/Operating_System_error_codes.html
InnoDB: File name .\ibdata1
InnoDB: File operation call: 'open'.
InnoDB: Cannot continue operation.
170806 16:06:39  InnoDB: Database was not shut down normally!
InnoDB: Starting crash recovery.
InnoDB: Reading tablespace information from the .ibd files...
InnoDB: Restoring possible half-written data pages from the doublewrite
InnoDB: buffer...
170806 16:06:39  InnoDB: Starting log scan based on checkpoint at
InnoDB: log sequence number 0 2842465.
InnoDB: Doing recovery: scanned up to log sequence number 0 2842465
170806 16:06:39  InnoDB: Started; log sequence number 0 2842465
170806 16:06:39 [Note] mysqld: ready for connections.
Version: '5.0.22-community'  socket: ''  port: 3306  MySQL Community Edition (GPL)
170807  9:23:53  InnoDB: Database was not shut down normally!
InnoDB: Starting crash recovery.
InnoDB: Reading tablespace information from the .ibd files...
InnoDB: Restoring possible half-written data pages from the doublewrite
InnoDB: buffer...
170807  9:23:53  InnoDB: Starting log scan based on checkpoint at
InnoDB: log sequence number 0 2842465.
InnoDB: Doing recovery: scanned up to log sequence number 0 2842465
170807  9:23:53  InnoDB: Started; log sequence number 0 2842465
170807  9:23:53 [Note] mysqld: ready for connections.
Version: '5.0.22-community'  socket: ''  port: 3306  MySQL Community Edition (GPL)
170807  9:24:15  InnoDB: Operating system error number 32 in a file operation.
InnoDB: Some operating system error numbers are described at
InnoDB: http://dev.mysql.com/doc/mysql/en/Operating_System_error_codes.html
InnoDB: File name .\ibdata1
InnoDB: File operation call: 'open'.
InnoDB: Cannot continue operation.
170808 10:19:52  InnoDB: Database was not shut down normally!
InnoDB: Starting crash recovery.
InnoDB: Reading tablespace information from the .ibd files...
InnoDB: Restoring possible half-written data pages from the doublewrite
InnoDB: buffer...
170808 10:19:52  InnoDB: Starting log scan based on checkpoint at
InnoDB: log sequence number 0 2842465.
InnoDB: Doing recovery: scanned up to log sequence number 0 2842465
170808 10:19:52  InnoDB: Started; log sequence number 0 2842465
170808 10:19:52 [Note] mysqld: ready for connections.
Version: '5.0.22-community'  socket: ''  port: 3306  MySQL Community Edition (GPL)
170808 10:20:07  InnoDB: Operating system error number 32 in a file operation.
InnoDB: Some operating system error numbers are described at
InnoDB: http://dev.mysql.com/doc/mysql/en/Operating_System_error_codes.html
InnoDB: File name .\ibdata1
InnoDB: File operation call: 'open'.
InnoDB: Cannot continue operation.
170808 10:20:23  InnoDB: Operating system error number 32 in a file operation.
InnoDB: Some operating system error numbers are described at
InnoDB: http://dev.mysql.com/doc/mysql/en/Operating_System_error_codes.html
InnoDB: File name .\ibdata1
InnoDB: File operation call: 'open'.
InnoDB: Cannot continue operation.
170808 10:20:24  InnoDB: Operating system error number 32 in a file operation.
InnoDB: Some operating system error numbers are described at
InnoDB: http://dev.mysql.com/doc/mysql/en/Operating_System_error_codes.html
InnoDB: File name .\ibdata1
InnoDB: File operation call: 'open'.
InnoDB: Cannot continue operation.
170809  9:32:10  InnoDB: Database was not shut down normally!
InnoDB: Starting crash recovery.
InnoDB: Reading tablespace information from the .ibd files...
InnoDB: Restoring possible half-written data pages from the doublewrite
InnoDB: buffer...
170809  9:32:10  InnoDB: Starting log scan based on checkpoint at
InnoDB: log sequence number 0 2842465.
InnoDB: Doing recovery: scanned up to log sequence number 0 2842465
170809  9:32:10  InnoDB: Started; log sequence number 0 2842465
170809  9:32:10 [Note] mysqld: ready for connections.
Version: '5.0.22-community'  socket: ''  port: 3306  MySQL Community Edition (GPL)
170809 21:14:14  InnoDB: Database was not shut down normally!
InnoDB: Starting crash recovery.
InnoDB: Reading tablespace information from the .ibd files...
InnoDB: Restoring possible half-written data pages from the doublewrite
InnoDB: buffer...
170809 21:14:14  InnoDB: Starting log scan based on checkpoint at
InnoDB: log sequence number 0 2842465.
InnoDB: Doing recovery: scanned up to log sequence number 0 2842465
170809 21:14:14  InnoDB: Started; log sequence number 0 2842465
170809 21:14:14 [Note] mysqld: ready for connections.
Version: '5.0.22-community'  socket: ''  port: 3306  MySQL Community Edition (GPL)
170809 21:14:15  InnoDB: Operating system error number 32 in a file operation.
InnoDB: Some operating system error numbers are described at
InnoDB: http://dev.mysql.com/doc/mysql/en/Operating_System_error_codes.html
InnoDB: File name .\ibdata1
InnoDB: File operation call: 'open'.
InnoDB: Cannot continue operation.
170904  9:59:28  InnoDB: Database was not shut down normally!
InnoDB: Starting crash recovery.
InnoDB: Reading tablespace information from the .ibd files...
InnoDB: Restoring possible half-written data pages from the doublewrite
InnoDB: buffer...
170904  9:59:28  InnoDB: Starting log scan based on checkpoint at
InnoDB: log sequence number 0 2842465.
InnoDB: Doing recovery: scanned up to log sequence number 0 2842465
170904  9:59:28  InnoDB: Started; log sequence number 0 2842465
170904  9:59:28 [Note] mysqld: ready for connections.
Version: '5.0.22-community'  socket: ''  port: 3306  MySQL Community Edition (GPL)
171227 18:42:33  InnoDB: Database was not shut down normally!
InnoDB: Starting crash recovery.
InnoDB: Reading tablespace information from the .ibd files...
InnoDB: Restoring possible half-written data pages from the doublewrite
InnoDB: buffer...
171227 18:42:33  InnoDB: Starting log scan based on checkpoint at
InnoDB: log sequence number 0 2842465.
InnoDB: Doing recovery: scanned up to log sequence number 0 2842465
171227 18:42:33  InnoDB: Started; log sequence number 0 2842465
171227 18:42:33 [Note] mysqld: ready for connections.
Version: '5.0.22-community'  socket: ''  port: 3306  MySQL Community Edition (GPL)
171228 11:31:46  InnoDB: Database was not shut down normally!
InnoDB: Starting crash recovery.
InnoDB: Reading tablespace information from the .ibd files...
InnoDB: Restoring possible half-written data pages from the doublewrite
InnoDB: buffer...
171228 11:31:46  InnoDB: Starting log scan based on checkpoint at
InnoDB: log sequence number 0 2842465.
InnoDB: Doing recovery: scanned up to log sequence number 0 2842465
171228 11:31:46  InnoDB: Started; log sequence number 0 2842465
171228 11:31:46 [Note] mysqld: ready for connections.
Version: '5.0.22-community'  socket: ''  port: 3306  MySQL Community Edition (GPL)
180316 19:15:23  InnoDB: Database was not shut down normally!
InnoDB: Starting crash recovery.
InnoDB: Reading tablespace information from the .ibd files...
InnoDB: Restoring possible half-written data pages from the doublewrite
InnoDB: buffer...
180316 19:15:23  InnoDB: Starting log scan based on checkpoint at
InnoDB: log sequence number 0 2842465.
InnoDB: Doing recovery: scanned up to log sequence number 0 2842465
180316 19:15:23  InnoDB: Started; log sequence number 0 2842465
180316 19:15:23 [Note] mysqld: ready for connections.
Version: '5.0.22-community'  socket: ''  port: 3306  MySQL Community Edition (GPL)
180316 23:53:51  InnoDB: Operating system error number 32 in a file operation.
InnoDB: Some operating system error numbers are described at
InnoDB: http://dev.mysql.com/doc/mysql/en/Operating_System_error_codes.html
InnoDB: File name .\ibdata1
InnoDB: File operation call: 'open'.
InnoDB: Cannot continue operation.
180320 10:32:53  InnoDB: Database was not shut down normally!
InnoDB: Starting crash recovery.
InnoDB: Reading tablespace information from the .ibd files...
InnoDB: Restoring possible half-written data pages from the doublewrite
InnoDB: buffer...
180320 10:32:53  InnoDB: Starting log scan based on checkpoint at
InnoDB: log sequence number 0 2842465.
InnoDB: Doing recovery: scanned up to log sequence number 0 2842465
180320 10:32:53  InnoDB: Started; log sequence number 0 2842465
180320 10:32:53 [Note] mysqld: ready for connections.
Version: '5.0.22-community'  socket: ''  port: 3306  MySQL Community Edition (GPL)
180321 10:43:14  InnoDB: Database was not shut down normally!
InnoDB: Starting crash recovery.
InnoDB: Reading tablespace information from the .ibd files...
InnoDB: Restoring possible half-written data pages from the doublewrite
InnoDB: buffer...
180321 10:43:14  InnoDB: Starting log scan based on checkpoint at
InnoDB: log sequence number 0 2854588.
InnoDB: Doing recovery: scanned up to log sequence number 0 2854588
180321 10:43:14  InnoDB: Started; log sequence number 0 2854588
180321 10:43:14 [Note] mysqld: ready for connections.
Version: '5.0.22-community'  socket: ''  port: 3306  MySQL Community Edition (GPL)
180321 13:37:07  InnoDB: Operating system error number 32 in a file operation.
InnoDB: Some operating system error numbers are described at
InnoDB: http://dev.mysql.com/doc/mysql/en/Operating_System_error_codes.html
InnoDB: File name .\ibdata1
InnoDB: File operation call: 'open'.
InnoDB: Cannot continue operation.
180321 13:37:09  InnoDB: Operating system error number 32 in a file operation.
InnoDB: Some operating system error numbers are described at
InnoDB: http://dev.mysql.com/doc/mysql/en/Operating_System_error_codes.html
InnoDB: File name .\ibdata1
InnoDB: File operation call: 'open'.
InnoDB: Cannot continue operation.
180322 15:55:47  InnoDB: Database was not shut down normally!
InnoDB: Starting crash recovery.
InnoDB: Reading tablespace information from the .ibd files...
InnoDB: Restoring possible half-written data pages from the doublewrite
InnoDB: buffer...
180322 15:55:47  InnoDB: Starting log scan based on checkpoint at
InnoDB: log sequence number 0 2854588.
InnoDB: Doing recovery: scanned up to log sequence number 0 2854588
180322 15:55:47  InnoDB: Started; log sequence number 0 2854588
180322 15:55:47 [Note] mysqld: ready for connections.
Version: '5.0.22-community'  socket: ''  port: 3306  MySQL Community Edition (GPL)
180323 18:06:37  InnoDB: Database was not shut down normally!
InnoDB: Starting crash recovery.
InnoDB: Reading tablespace information from the .ibd files...
InnoDB: Restoring possible half-written data pages from the doublewrite
InnoDB: buffer...
180323 18:06:37  InnoDB: Starting log scan based on checkpoint at
InnoDB: log sequence number 0 2854588.
InnoDB: Doing recovery: scanned up to log sequence number 0 2854588
180323 18:06:37  InnoDB: Started; log sequence number 0 2854588
180323 18:06:37 [Note] mysqld: ready for connections.
Version: '5.0.22-community'  socket: ''  port: 3306  MySQL Community Edition (GPL)
180326 14:36:29  InnoDB: Database was not shut down normally!
InnoDB: Starting crash recovery.
InnoDB: Reading tablespace information from the .ibd files...
InnoDB: Restoring possible half-written data pages from the doublewrite
InnoDB: buffer...
180326 14:36:29  InnoDB: Starting log scan based on checkpoint at
InnoDB: log sequence number 0 2854588.
InnoDB: Doing recovery: scanned up to log sequence number 0 2854588
180326 14:36:29  InnoDB: Started; log sequence number 0 2854588
180326 14:36:29 [Note] mysqld: ready for connections.
Version: '5.0.22-community'  socket: ''  port: 3306  MySQL Community Edition (GPL)
180327  8:55:56  InnoDB: Database was not shut down normally!
InnoDB: Starting crash recovery.
InnoDB: Reading tablespace information from the .ibd files...
InnoDB: Restoring possible half-written data pages from the doublewrite
InnoDB: buffer...
180327  8:55:56  InnoDB: Starting log scan based on checkpoint at
InnoDB: log sequence number 0 2854588.
InnoDB: Doing recovery: scanned up to log sequence number 0 2854588
180327  8:55:56  InnoDB: Started; log sequence number 0 2854588
180327  8:55:56 [Note] mysqld: ready for connections.
Version: '5.0.22-community'  socket: ''  port: 3306  MySQL Community Edition (GPL)
180402 17:12:09  InnoDB: Database was not shut down normally!
InnoDB: Starting crash recovery.
InnoDB: Reading tablespace information from the .ibd files...
InnoDB: Restoring possible half-written data pages from the doublewrite
InnoDB: buffer...
180402 17:12:09  InnoDB: Starting log scan based on checkpoint at
InnoDB: log sequence number 0 2854588.
InnoDB: Doing recovery: scanned up to log sequence number 0 2854588
180402 17:12:09  InnoDB: Started; log sequence number 0 2854588
180402 17:12:09 [Note] mysqld: ready for connections.
Version: '5.0.22-community'  socket: ''  port: 3306  MySQL Community Edition (GPL)
180409 17:09:53  InnoDB: Database was not shut down normally!
InnoDB: Starting crash recovery.
InnoDB: Reading tablespace information from the .ibd files...
InnoDB: Restoring possible half-written data pages from the doublewrite
InnoDB: buffer...
180409 17:09:54  InnoDB: Starting log scan based on checkpoint at
InnoDB: log sequence number 0 5839198.
InnoDB: Doing recovery: scanned up to log sequence number 0 5839198
180409 17:09:54  InnoDB: Started; log sequence number 0 5839198
180409 17:09:54 [Note] mysqld: ready for connections.
Version: '5.0.22-community'  socket: ''  port: 3306  MySQL Community Edition (GPL)
180414 14:37:13  InnoDB: Database was not shut down normally!
InnoDB: Starting crash recovery.
InnoDB: Reading tablespace information from the .ibd files...
InnoDB: Restoring possible half-written data pages from the doublewrite
InnoDB: buffer...
180414 14:37:13  InnoDB: Starting log scan based on checkpoint at
InnoDB: log sequence number 0 5839198.
InnoDB: Doing recovery: scanned up to log sequence number 0 5839198
180414 14:37:13  InnoDB: Started; log sequence number 0 5839198
180414 14:37:13 [Note] mysqld: ready for connections.
Version: '5.0.22-community'  socket: ''  port: 3306  MySQL Community Edition (GPL)
180415 17:02:08  InnoDB: Database was not shut down normally!
InnoDB: Starting crash recovery.
InnoDB: Reading tablespace information from the .ibd files...
InnoDB: Restoring possible half-written data pages from the doublewrite
InnoDB: buffer...
180415 17:02:08  InnoDB: Starting log scan based on checkpoint at
InnoDB: log sequence number 0 5839198.
InnoDB: Doing recovery: scanned up to log sequence number 0 5839198
180415 17:02:08  InnoDB: Started; log sequence number 0 5839198
180415 17:02:08 [Note] mysqld: ready for connections.
Version: '5.0.22-community'  socket: ''  port: 3306  MySQL Community Edition (GPL)
180416 18:31:06  InnoDB: Database was not shut down normally!
InnoDB: Starting crash recovery.
InnoDB: Reading tablespace information from the .ibd files...
InnoDB: Restoring possible half-written data pages from the doublewrite
InnoDB: buffer...
180416 18:31:06  InnoDB: Starting log scan based on checkpoint at
InnoDB: log sequence number 0 5839198.
InnoDB: Doing recovery: scanned up to log sequence number 0 5839198
180416 18:31:06  InnoDB: Started; log sequence number 0 5839198
180416 18:31:06 [Note] mysqld: ready for connections.
Version: '5.0.22-community'  socket: ''  port: 3306  MySQL Community Edition (GPL)
180423 14:07:29  InnoDB: Operating system error number 32 in a file operation.
InnoDB: Some operating system error numbers are described at
InnoDB: http://dev.mysql.com/doc/mysql/en/Operating_System_error_codes.html
InnoDB: File name .\ibdata1
InnoDB: File operation call: 'open'.
InnoDB: Cannot continue operation.
180423 14:07:33  InnoDB: Operating system error number 32 in a file operation.
InnoDB: Some operating system error numbers are described at
InnoDB: http://dev.mysql.com/doc/mysql/en/Operating_System_error_codes.html
InnoDB: File name .\ibdata1
InnoDB: File operation call: 'open'.
InnoDB: Cannot continue operation.
180423 21:59:10  InnoDB: Database was not shut down normally!
InnoDB: Starting crash recovery.
InnoDB: Reading tablespace information from the .ibd files...
InnoDB: Restoring possible half-written data pages from the doublewrite
InnoDB: buffer...
180423 21:59:10  InnoDB: Starting log scan based on checkpoint at
InnoDB: log sequence number 0 5839198.
InnoDB: Doing recovery: scanned up to log sequence number 0 5839198
180423 21:59:10  InnoDB: Started; log sequence number 0 5839198
180423 21:59:10 [Note] mysqld: ready for connections.
Version: '5.0.22-community'  socket: ''  port: 3306  MySQL Community Edition (GPL)
180425 14:42:06  InnoDB: Database was not shut down normally!
InnoDB: Starting crash recovery.
InnoDB: Reading tablespace information from the .ibd files...
InnoDB: Restoring possible half-written data pages from the doublewrite
InnoDB: buffer...
180425 14:42:06  InnoDB: Starting log scan based on checkpoint at
InnoDB: log sequence number 0 5839198.
InnoDB: Doing recovery: scanned up to log sequence number 0 5839198
180425 14:42:06  InnoDB: Started; log sequence number 0 5839198
180425 14:42:06 [Note] mysqld: ready for connections.
Version: '5.0.22-community'  socket: ''  port: 3306  MySQL Community Edition (GPL)
180426 11:29:27  InnoDB: Database was not shut down normally!
InnoDB: Starting crash recovery.
InnoDB: Reading tablespace information from the .ibd files...
InnoDB: Restoring possible half-written data pages from the doublewrite
InnoDB: buffer...
180426 11:29:27  InnoDB: Starting log scan based on checkpoint at
InnoDB: log sequence number 0 5839198.
InnoDB: Doing recovery: scanned up to log sequence number 0 5839198
180426 11:29:27  InnoDB: Started; log sequence number 0 5839198
180426 11:29:27 [Note] mysqld: ready for connections.
Version: '5.0.22-community'  socket: ''  port: 3306  MySQL Community Edition (GPL)
180501 11:09:23  InnoDB: Database was not shut down normally!
InnoDB: Starting crash recovery.
InnoDB: Reading tablespace information from the .ibd files...
InnoDB: Restoring possible half-written data pages from the doublewrite
InnoDB: buffer...
180501 11:09:23  InnoDB: Starting log scan based on checkpoint at
InnoDB: log sequence number 0 6400535.
InnoDB: Doing recovery: scanned up to log sequence number 0 6400535
180501 11:09:23  InnoDB: Started; log sequence number 0 6400535
180501 11:09:23 [Note] mysqld: ready for connections.
Version: '5.0.22-community'  socket: ''  port: 3306  MySQL Community Edition (GPL)
180503 12:11:24  InnoDB: Database was not shut down normally!
InnoDB: Starting crash recovery.
InnoDB: Reading tablespace information from the .ibd files...
InnoDB: Restoring possible half-written data pages from the doublewrite
InnoDB: buffer...
180503 12:11:24  InnoDB: Starting log scan based on checkpoint at
InnoDB: log sequence number 0 6400535.
InnoDB: Doing recovery: scanned up to log sequence number 0 6400535
180503 12:11:24  InnoDB: Started; log sequence number 0 6400535
180503 12:11:24 [Note] mysqld: ready for connections.
Version: '5.0.22-community'  socket: ''  port: 3306  MySQL Community Edition (GPL)
180507 12:38:09  InnoDB: Database was not shut down normally!
InnoDB: Starting crash recovery.
InnoDB: Reading tablespace information from the .ibd files...
InnoDB: Restoring possible half-written data pages from the doublewrite
InnoDB: buffer...
180507 12:38:09  InnoDB: Starting log scan based on checkpoint at
InnoDB: log sequence number 0 6400535.
InnoDB: Doing recovery: scanned up to log sequence number 0 6400535
180507 12:38:09  InnoDB: Started; log sequence number 0 6400535
180507 12:38:09 [Note] mysqld: ready for connections.
Version: '5.0.22-community'  socket: ''  port: 3306  MySQL Community Edition (GPL)
180508  9:50:12  InnoDB: Database was not shut down normally!
InnoDB: Starting crash recovery.
InnoDB: Reading tablespace information from the .ibd files...
InnoDB: Restoring possible half-written data pages from the doublewrite
InnoDB: buffer...
180508  9:50:12  InnoDB: Starting log scan based on checkpoint at
InnoDB: log sequence number 0 6400535.
InnoDB: Doing recovery: scanned up to log sequence number 0 6400535
180508  9:50:12  InnoDB: Started; log sequence number 0 6400535
180508  9:50:12 [Note] mysqld: ready for connections.
Version: '5.0.22-community'  socket: ''  port: 3306  MySQL Community Edition (GPL)
180509 12:21:05  InnoDB: Database was not shut down normally!
InnoDB: Starting crash recovery.
InnoDB: Reading tablespace information from the .ibd files...
InnoDB: Restoring possible half-written data pages from the doublewrite
InnoDB: buffer...
180509 12:21:05  InnoDB: Starting log scan based on checkpoint at
InnoDB: log sequence number 0 6400535.
InnoDB: Doing recovery: scanned up to log sequence number 0 6400535
180509 12:21:05  InnoDB: Started; log sequence number 0 6400535
180509 12:21:05 [Note] mysqld: ready for connections.
Version: '5.0.22-community'  socket: ''  port: 3306  MySQL Community Edition (GPL)
180512 22:20:23  InnoDB: Database was not shut down normally!
InnoDB: Starting crash recovery.
InnoDB: Reading tablespace information from the .ibd files...
InnoDB: Restoring possible half-written data pages from the doublewrite
InnoDB: buffer...
180512 22:20:23  InnoDB: Starting log scan based on checkpoint at
InnoDB: log sequence number 0 6400535.
InnoDB: Doing recovery: scanned up to log sequence number 0 6400535
180512 22:20:23  InnoDB: Started; log sequence number 0 6400535
180512 22:20:23 [Note] mysqld: ready for connections.
Version: '5.0.22-community'  socket: ''  port: 3306  MySQL Community Edition (GPL)
180513 22:33:13  InnoDB: Database was not shut down normally!
InnoDB: Starting crash recovery.
InnoDB: Reading tablespace information from the .ibd files...
InnoDB: Restoring possible half-written data pages from the doublewrite
InnoDB: buffer...
180513 22:33:13  InnoDB: Starting log scan based on checkpoint at
InnoDB: log sequence number 0 6400535.
InnoDB: Doing recovery: scanned up to log sequence number 0 6400535
180513 22:33:13  InnoDB: Started; log sequence number 0 6400535
180513 22:33:13 [Note] mysqld: ready for connections.
Version: '5.0.22-community'  socket: ''  port: 3306  MySQL Community Edition (GPL)
180514 17:59:38  InnoDB: Database was not shut down normally!
InnoDB: Starting crash recovery.
InnoDB: Reading tablespace information from the .ibd files...
InnoDB: Restoring possible half-written data pages from the doublewrite
InnoDB: buffer...
180514 17:59:38  InnoDB: Starting log scan based on checkpoint at
InnoDB: log sequence number 0 6400535.
InnoDB: Doing recovery: scanned up to log sequence number 0 6400535
180514 17:59:38  InnoDB: Started; log sequence number 0 6400535
180514 17:59:38 [Note] mysqld: ready for connections.
Version: '5.0.22-community'  socket: ''  port: 3306  MySQL Community Edition (GPL)
180515 12:44:26  InnoDB: Database was not shut down normally!
InnoDB: Starting crash recovery.
InnoDB: Reading tablespace information from the .ibd files...
InnoDB: Restoring possible half-written data pages from the doublewrite
InnoDB: buffer...
180515 12:44:26  InnoDB: Starting log scan based on checkpoint at
InnoDB: log sequence number 0 6400535.
InnoDB: Doing recovery: scanned up to log sequence number 0 6400535
180515 12:44:26  InnoDB: Started; log sequence number 0 6400535
180515 12:44:26 [Note] mysqld: ready for connections.
Version: '5.0.22-community'  socket: ''  port: 3306  MySQL Community Edition (GPL)
180519 16:02:06  InnoDB: Database was not shut down normally!
InnoDB: Starting crash recovery.
InnoDB: Reading tablespace information from the .ibd files...
InnoDB: Restoring possible half-written data pages from the doublewrite
InnoDB: buffer...
180519 16:02:06  InnoDB: Starting log scan based on checkpoint at
InnoDB: log sequence number 0 6400535.
InnoDB: Doing recovery: scanned up to log sequence number 0 6400535
180519 16:02:06  InnoDB: Started; log sequence number 0 6400535
180519 16:02:06 [Note] mysqld: ready for connections.
Version: '5.0.22-community'  socket: ''  port: 3306  MySQL Community Edition (GPL)
180520 16:02:17  InnoDB: Database was not shut down normally!
InnoDB: Starting crash recovery.
InnoDB: Reading tablespace information from the .ibd files...
InnoDB: Restoring possible half-written data pages from the doublewrite
InnoDB: buffer...
180520 16:02:17  InnoDB: Starting log scan based on checkpoint at
InnoDB: log sequence number 0 6400535.
InnoDB: Doing recovery: scanned up to log sequence number 0 6400535
180520 16:02:17  InnoDB: Started; log sequence number 0 6400535
180520 16:02:17 [Note] mysqld: ready for connections.
Version: '5.0.22-community'  socket: ''  port: 3306  MySQL Community Edition (GPL)
180521 13:46:46  InnoDB: Database was not shut down normally!
InnoDB: Starting crash recovery.
InnoDB: Reading tablespace information from the .ibd files...
InnoDB: Restoring possible half-written data pages from the doublewrite
InnoDB: buffer...
180521 13:46:46  InnoDB: Starting log scan based on checkpoint at
InnoDB: log sequence number 0 6400535.
InnoDB: Doing recovery: scanned up to log sequence number 0 6400535
180521 13:46:46  InnoDB: Started; log sequence number 0 6400535
180521 13:46:46 [Note] mysqld: ready for connections.
Version: '5.0.22-community'  socket: ''  port: 3306  MySQL Community Edition (GPL)
180522 12:44:56  InnoDB: Operating system error number 32 in a file operation.
InnoDB: Some operating system error numbers are described at
InnoDB: http://dev.mysql.com/doc/mysql/en/Operating_System_error_codes.html
InnoDB: File name .\ibdata1
InnoDB: File operation call: 'open'.
InnoDB: Cannot continue operation.
180528 21:19:54  InnoDB: Database was not shut down normally!
InnoDB: Starting crash recovery.
InnoDB: Reading tablespace information from the .ibd files...
InnoDB: Restoring possible half-written data pages from the doublewrite
InnoDB: buffer...
180528 21:19:54  InnoDB: Starting log scan based on checkpoint at
InnoDB: log sequence number 0 6400535.
InnoDB: Doing recovery: scanned up to log sequence number 0 6400535
180528 21:19:54  InnoDB: Started; log sequence number 0 6400535
180528 21:19:54 [Note] mysqld: ready for connections.
Version: '5.0.22-community'  socket: ''  port: 3306  MySQL Community Edition (GPL)
