170319 14:49:43  InnoDB: Database was not shut down normally!
InnoDB: Starting crash recovery.
InnoDB: Reading tablespace information from the .ibd files...
InnoDB: Restoring possible half-written data pages from the doublewrite
InnoDB: buffer...
170319 14:49:44  InnoDB: Starting log scan based on checkpoint at
InnoDB: log sequence number 0 2808043.
InnoDB: Doing recovery: scanned up to log sequence number 0 2808043
170319 14:49:44  InnoDB: Started; log sequence number 0 2808043
170319 14:49:44 [Note] mysqld: ready for connections.
Version: '5.0.22-community'  socket: ''  port: 3306  MySQL Community Edition (GPL)
170320 23:07:40  InnoDB: Database was not shut down normally!
InnoDB: Starting crash recovery.
InnoDB: Reading tablespace information from the .ibd files...
InnoDB: Restoring possible half-written data pages from the doublewrite
InnoDB: buffer...
170320 23:07:41  InnoDB: Starting log scan based on checkpoint at
InnoDB: log sequence number 0 2808043.
InnoDB: Doing recovery: scanned up to log sequence number 0 2808043
170320 23:07:41  InnoDB: Started; log sequence number 0 2808043
170320 23:07:41 [Note] mysqld: ready for connections.
Version: '5.0.22-community'  socket: ''  port: 3306  MySQL Community Edition (GPL)
170327 23:35:52  InnoDB: Database was not shut down normally!
InnoDB: Starting crash recovery.
InnoDB: Reading tablespace information from the .ibd files...
InnoDB: Restoring possible half-written data pages from the doublewrite
InnoDB: buffer...
170327 23:35:52  InnoDB: Starting log scan based on checkpoint at
InnoDB: log sequence number 0 2808043.
InnoDB: Doing recovery: scanned up to log sequence number 0 2808043
170327 23:35:52  InnoDB: Started; log sequence number 0 2808043
170327 23:35:52 [Note] mysqld: ready for connections.
Version: '5.0.22-community'  socket: ''  port: 3306  MySQL Community Edition (GPL)
