070411  8:19:47  InnoDB: Database was not shut down normally!
InnoDB: Starting crash recovery.
InnoDB: Reading tablespace information from the .ibd files...
InnoDB: Restoring possible half-written data pages from the doublewrite
InnoDB: buffer...
070411  8:19:48  InnoDB: Starting log scan based on checkpoint at
InnoDB: log sequence number 0 2044157.
InnoDB: Doing recovery: scanned up to log sequence number 0 2044157
070411  8:19:48  InnoDB: Started; log sequence number 0 2044157
070411  8:19:49 [Note] mysqld: ready for connections.
Version: '5.0.22-community'  socket: ''  port: 3306  MySQL Community Edition (GPL)
070412  8:15:44  InnoDB: Database was not shut down normally!
InnoDB: Starting crash recovery.
InnoDB: Reading tablespace information from the .ibd files...
InnoDB: Restoring possible half-written data pages from the doublewrite
InnoDB: buffer...
070412  8:15:44  InnoDB: Starting log scan based on checkpoint at
InnoDB: log sequence number 0 2044167.
InnoDB: Doing recovery: scanned up to log sequence number 0 2044167
070412  8:15:45  InnoDB: Started; log sequence number 0 2044167
070412  8:15:45 [Note] mysqld: ready for connections.
Version: '5.0.22-community'  socket: ''  port: 3306  MySQL Community Edition (GPL)
070416 20:12:56  InnoDB: Database was not shut down normally!
InnoDB: Starting crash recovery.
InnoDB: Reading tablespace information from the .ibd files...
InnoDB: Restoring possible half-written data pages from the doublewrite
InnoDB: buffer...
070416 20:12:56  InnoDB: Starting log scan based on checkpoint at
InnoDB: log sequence number 0 2044167.
InnoDB: Doing recovery: scanned up to log sequence number 0 2044167
070416 20:12:57  InnoDB: Started; log sequence number 0 2044167
070416 20:12:57 [Note] mysqld: ready for connections.
Version: '5.0.22-community'  socket: ''  port: 3306  MySQL Community Edition (GPL)
070417 10:20:52  InnoDB: Database was not shut down normally!
InnoDB: Starting crash recovery.
InnoDB: Reading tablespace information from the .ibd files...
InnoDB: Restoring possible half-written data pages from the doublewrite
InnoDB: buffer...
070417 10:20:53  InnoDB: Starting log scan based on checkpoint at
InnoDB: log sequence number 0 2044167.
InnoDB: Doing recovery: scanned up to log sequence number 0 2044167
070417 10:20:53  InnoDB: Started; log sequence number 0 2044167
070417 10:20:53 [Note] mysqld: ready for connections.
Version: '5.0.22-community'  socket: ''  port: 3306  MySQL Community Edition (GPL)
070418  9:34:31  InnoDB: Database was not shut down normally!
InnoDB: Starting crash recovery.
InnoDB: Reading tablespace information from the .ibd files...
InnoDB: Restoring possible half-written data pages from the doublewrite
InnoDB: buffer...
070418  9:34:31  InnoDB: Starting log scan based on checkpoint at
InnoDB: log sequence number 0 2044167.
InnoDB: Doing recovery: scanned up to log sequence number 0 2044167
070418  9:34:32  InnoDB: Started; log sequence number 0 2044167
070418  9:34:32 [Note] mysqld: ready for connections.
Version: '5.0.22-community'  socket: ''  port: 3306  MySQL Community Edition (GPL)
070419 14:33:10  InnoDB: Database was not shut down normally!
InnoDB: Starting crash recovery.
InnoDB: Reading tablespace information from the .ibd files...
InnoDB: Restoring possible half-written data pages from the doublewrite
InnoDB: buffer...
070419 14:33:10  InnoDB: Starting log scan based on checkpoint at
InnoDB: log sequence number 0 2044167.
InnoDB: Doing recovery: scanned up to log sequence number 0 2044167
070419 14:33:11  InnoDB: Started; log sequence number 0 2044167
070419 14:33:11 [Note] mysqld: ready for connections.
Version: '5.0.22-community'  socket: ''  port: 3306  MySQL Community Edition (GPL)
070419 22:35:02  InnoDB: Database was not shut down normally!
InnoDB: Starting crash recovery.
InnoDB: Reading tablespace information from the .ibd files...
InnoDB: Restoring possible half-written data pages from the doublewrite
InnoDB: buffer...
070419 22:35:02  InnoDB: Starting log scan based on checkpoint at
InnoDB: log sequence number 0 2044167.
InnoDB: Doing recovery: scanned up to log sequence number 0 2044167
070419 22:35:02  InnoDB: Started; log sequence number 0 2044167
070419 22:35:03 [Note] mysqld: ready for connections.
Version: '5.0.22-community'  socket: ''  port: 3306  MySQL Community Edition (GPL)
070420  9:17:36  InnoDB: Database was not shut down normally!
InnoDB: Starting crash recovery.
InnoDB: Reading tablespace information from the .ibd files...
InnoDB: Restoring possible half-written data pages from the doublewrite
InnoDB: buffer...
070420  9:17:36  InnoDB: Starting log scan based on checkpoint at
InnoDB: log sequence number 0 2044177.
InnoDB: Doing recovery: scanned up to log sequence number 0 2044177
070420  9:17:36  InnoDB: Started; log sequence number 0 2044177
070420  9:17:37 [Note] mysqld: ready for connections.
Version: '5.0.22-community'  socket: ''  port: 3306  MySQL Community Edition (GPL)
070420 21:46:25  InnoDB: Database was not shut down normally!
InnoDB: Starting crash recovery.
InnoDB: Reading tablespace information from the .ibd files...
InnoDB: Restoring possible half-written data pages from the doublewrite
InnoDB: buffer...
070420 21:46:25  InnoDB: Starting log scan based on checkpoint at
InnoDB: log sequence number 0 2044177.
InnoDB: Doing recovery: scanned up to log sequence number 0 2044177
070420 21:46:25  InnoDB: Started; log sequence number 0 2044177
070420 21:46:26 [Note] mysqld: ready for connections.
Version: '5.0.22-community'  socket: ''  port: 3306  MySQL Community Edition (GPL)
070420 21:58:37  InnoDB: Database was not shut down normally!
InnoDB: Starting crash recovery.
InnoDB: Reading tablespace information from the .ibd files...
InnoDB: Restoring possible half-written data pages from the doublewrite
InnoDB: buffer...
070420 21:58:37  InnoDB: Starting log scan based on checkpoint at
InnoDB: log sequence number 0 2044177.
InnoDB: Doing recovery: scanned up to log sequence number 0 2044177
070420 21:58:38  InnoDB: Started; log sequence number 0 2044177
Can't start server: Bind on TCP/IP port: No such file or directory
070420 21:58:38 [ERROR] Do you already have another mysqld server running on port: 3306 ?
070420 21:58:38 [ERROR] Aborting

070420 21:58:38  InnoDB: Starting shutdown...
070420 21:58:40  InnoDB: Shutdown completed; log sequence number 0 2044177
070420 21:58:40 [Note] mysqld: Shutdown complete

