120821  9:24:18  InnoDB: Database was not shut down normally!
InnoDB: Starting crash recovery.
InnoDB: Reading tablespace information from the .ibd files...
InnoDB: Restoring possible half-written data pages from the doublewrite
InnoDB: buffer...
120821  9:24:19  InnoDB: Starting log scan based on checkpoint at
InnoDB: log sequence number 0 2049297.
InnoDB: Doing recovery: scanned up to log sequence number 0 2049297
120821  9:24:19  InnoDB: Started; log sequence number 0 2049297
120821  9:24:19 [Note] mysqld: ready for connections.
Version: '5.0.22-community'  socket: ''  port: 3306  MySQL Community Edition (GPL)
120822 14:46:08  InnoDB: Database was not shut down normally!
InnoDB: Starting crash recovery.
InnoDB: Reading tablespace information from the .ibd files...
InnoDB: Restoring possible half-written data pages from the doublewrite
InnoDB: buffer...
120822 14:46:08  InnoDB: Starting log scan based on checkpoint at
InnoDB: log sequence number 0 2049297.
InnoDB: Doing recovery: scanned up to log sequence number 0 2049297
120822 14:46:08  InnoDB: Started; log sequence number 0 2049297
120822 14:46:08 [Note] mysqld: ready for connections.
Version: '5.0.22-community'  socket: ''  port: 3306  MySQL Community Edition (GPL)
120823 11:12:29  InnoDB: Database was not shut down normally!
InnoDB: Starting crash recovery.
InnoDB: Reading tablespace information from the .ibd files...
InnoDB: Restoring possible half-written data pages from the doublewrite
InnoDB: buffer...
120823 11:12:29  InnoDB: Starting log scan based on checkpoint at
InnoDB: log sequence number 0 2049297.
InnoDB: Doing recovery: scanned up to log sequence number 0 2049297
120823 11:12:29  InnoDB: Started; log sequence number 0 2049297
120823 11:12:29 [Note] mysqld: ready for connections.
Version: '5.0.22-community'  socket: ''  port: 3306  MySQL Community Edition (GPL)
120830 10:35:56  InnoDB: Database was not shut down normally!
InnoDB: Starting crash recovery.
InnoDB: Reading tablespace information from the .ibd files...
InnoDB: Restoring possible half-written data pages from the doublewrite
InnoDB: buffer...
120830 10:35:57  InnoDB: Starting log scan based on checkpoint at
InnoDB: log sequence number 0 2049297.
InnoDB: Doing recovery: scanned up to log sequence number 0 2049297
120830 10:35:57  InnoDB: Started; log sequence number 0 2049297
120830 10:35:57 [Note] mysqld: ready for connections.
Version: '5.0.22-community'  socket: ''  port: 3306  MySQL Community Edition (GPL)
120830 10:36:08  InnoDB: Operating system error number 32 in a file operation.
InnoDB: Some operating system error numbers are described at
InnoDB: http://dev.mysql.com/doc/mysql/en/Operating_System_error_codes.html
InnoDB: File name .\ibdata1
InnoDB: File operation call: 'open'.
InnoDB: Cannot continue operation.
120905 15:28:11  InnoDB: Database was not shut down normally!
InnoDB: Starting crash recovery.
InnoDB: Reading tablespace information from the .ibd files...
InnoDB: Restoring possible half-written data pages from the doublewrite
InnoDB: buffer...
120905 15:28:11  InnoDB: Starting log scan based on checkpoint at
InnoDB: log sequence number 0 2049297.
InnoDB: Doing recovery: scanned up to log sequence number 0 2049297
120905 15:28:11  InnoDB: Started; log sequence number 0 2049297
120905 15:28:12 [Note] mysqld: ready for connections.
Version: '5.0.22-community'  socket: ''  port: 3306  MySQL Community Edition (GPL)
120906  9:17:25  InnoDB: Database was not shut down normally!
InnoDB: Starting crash recovery.
InnoDB: Reading tablespace information from the .ibd files...
InnoDB: Restoring possible half-written data pages from the doublewrite
InnoDB: buffer...
120906  9:17:25  InnoDB: Starting log scan based on checkpoint at
InnoDB: log sequence number 0 2049297.
InnoDB: Doing recovery: scanned up to log sequence number 0 2049297
120906  9:17:25  InnoDB: Started; log sequence number 0 2049297
120906  9:17:25 [Note] mysqld: ready for connections.
Version: '5.0.22-community'  socket: ''  port: 3306  MySQL Community Edition (GPL)
120907  9:13:22  InnoDB: Database was not shut down normally!
InnoDB: Starting crash recovery.
InnoDB: Reading tablespace information from the .ibd files...
InnoDB: Restoring possible half-written data pages from the doublewrite
InnoDB: buffer...
120907  9:13:22  InnoDB: Starting log scan based on checkpoint at
InnoDB: log sequence number 0 2049307.
InnoDB: Doing recovery: scanned up to log sequence number 0 2049307
120907  9:13:22  InnoDB: Started; log sequence number 0 2049307
120907  9:13:22 [Note] mysqld: ready for connections.
Version: '5.0.22-community'  socket: ''  port: 3306  MySQL Community Edition (GPL)
121024  9:45:25  InnoDB: Database was not shut down normally!
InnoDB: Starting crash recovery.
InnoDB: Reading tablespace information from the .ibd files...
InnoDB: Restoring possible half-written data pages from the doublewrite
InnoDB: buffer...
121024  9:45:25  InnoDB: Starting log scan based on checkpoint at
InnoDB: log sequence number 0 2049307.
InnoDB: Doing recovery: scanned up to log sequence number 0 2049307
121024  9:45:26  InnoDB: Started; log sequence number 0 2049307
121024  9:45:27 [Note] mysqld: ready for connections.
Version: '5.0.22-community'  socket: ''  port: 3306  MySQL Community Edition (GPL)
121031 10:52:36  InnoDB: Operating system error number 32 in a file operation.
InnoDB: Some operating system error numbers are described at
InnoDB: http://dev.mysql.com/doc/mysql/en/Operating_System_error_codes.html
InnoDB: File name .\ibdata1
InnoDB: File operation call: 'open'.
InnoDB: Cannot continue operation.
121031 10:52:38  InnoDB: Operating system error number 32 in a file operation.
InnoDB: Some operating system error numbers are described at
InnoDB: http://dev.mysql.com/doc/mysql/en/Operating_System_error_codes.html
InnoDB: File name .\ibdata1
InnoDB: File operation call: 'open'.
InnoDB: Cannot continue operation.
121101  9:39:17  InnoDB: Operating system error number 32 in a file operation.
InnoDB: Some operating system error numbers are described at
InnoDB: http://dev.mysql.com/doc/mysql/en/Operating_System_error_codes.html
InnoDB: File name .\ibdata1
InnoDB: File operation call: 'open'.
InnoDB: Cannot continue operation.
121101  9:59:29  InnoDB: Database was not shut down normally!
InnoDB: Starting crash recovery.
InnoDB: Reading tablespace information from the .ibd files...
InnoDB: Restoring possible half-written data pages from the doublewrite
InnoDB: buffer...
121101  9:59:29  InnoDB: Starting log scan based on checkpoint at
InnoDB: log sequence number 0 2049317.
InnoDB: Doing recovery: scanned up to log sequence number 0 2049317
121101  9:59:29  InnoDB: Started; log sequence number 0 2049317
121101  9:59:30 [Note] mysqld: ready for connections.
Version: '5.0.22-community'  socket: ''  port: 3306  MySQL Community Edition (GPL)
121101 15:20:08  InnoDB: Database was not shut down normally!
InnoDB: Starting crash recovery.
InnoDB: Reading tablespace information from the .ibd files...
InnoDB: Restoring possible half-written data pages from the doublewrite
InnoDB: buffer...
121101 15:20:08  InnoDB: Starting log scan based on checkpoint at
InnoDB: log sequence number 0 2049317.
InnoDB: Doing recovery: scanned up to log sequence number 0 2049317
121101 15:20:08  InnoDB: Started; log sequence number 0 2049317
121101 15:20:08 [Note] mysqld: ready for connections.
Version: '5.0.22-community'  socket: ''  port: 3306  MySQL Community Edition (GPL)
121114 10:58:53  InnoDB: Database was not shut down normally!
InnoDB: Starting crash recovery.
InnoDB: Reading tablespace information from the .ibd files...
InnoDB: Restoring possible half-written data pages from the doublewrite
InnoDB: buffer...
121114 10:58:53  InnoDB: Starting log scan based on checkpoint at
InnoDB: log sequence number 0 2049317.
InnoDB: Doing recovery: scanned up to log sequence number 0 2049317
121114 10:58:53  InnoDB: Started; log sequence number 0 2049317
121114 10:58:53 [Note] mysqld: ready for connections.
Version: '5.0.22-community'  socket: ''  port: 3306  MySQL Community Edition (GPL)
121115  8:43:56  InnoDB: Database was not shut down normally!
InnoDB: Starting crash recovery.
InnoDB: Reading tablespace information from the .ibd files...
InnoDB: Restoring possible half-written data pages from the doublewrite
InnoDB: buffer...
121115  8:43:56  InnoDB: Starting log scan based on checkpoint at
InnoDB: log sequence number 0 2049317.
InnoDB: Doing recovery: scanned up to log sequence number 0 2049317
121115  8:43:56  InnoDB: Started; log sequence number 0 2049317
121115  8:43:56 [Note] mysqld: ready for connections.
Version: '5.0.22-community'  socket: ''  port: 3306  MySQL Community Edition (GPL)
121205 10:06:15  InnoDB: Database was not shut down normally!
InnoDB: Starting crash recovery.
InnoDB: Reading tablespace information from the .ibd files...
InnoDB: Restoring possible half-written data pages from the doublewrite
InnoDB: buffer...
121205 10:06:15  InnoDB: Starting log scan based on checkpoint at
InnoDB: log sequence number 0 2049327.
InnoDB: Doing recovery: scanned up to log sequence number 0 2049327
121205 10:06:16  InnoDB: Started; log sequence number 0 2049327
121205 10:06:16 [Note] mysqld: ready for connections.
Version: '5.0.22-community'  socket: ''  port: 3306  MySQL Community Edition (GPL)
130412  8:33:27  InnoDB: Database was not shut down normally!
InnoDB: Starting crash recovery.
InnoDB: Reading tablespace information from the .ibd files...
InnoDB: Restoring possible half-written data pages from the doublewrite
InnoDB: buffer...
130412  8:33:27  InnoDB: Starting log scan based on checkpoint at
InnoDB: log sequence number 0 2049327.
InnoDB: Doing recovery: scanned up to log sequence number 0 2049327
130412  8:33:28  InnoDB: Started; log sequence number 0 2049327
130412  8:33:28 [Note] mysqld: ready for connections.
Version: '5.0.22-community'  socket: ''  port: 3306  MySQL Community Edition (GPL)
130922 13:16:10  InnoDB: Database was not shut down normally!
InnoDB: Starting crash recovery.
InnoDB: Reading tablespace information from the .ibd files...
InnoDB: Restoring possible half-written data pages from the doublewrite
InnoDB: buffer...
130922 13:16:10  InnoDB: Starting log scan based on checkpoint at
InnoDB: log sequence number 0 2049327.
InnoDB: Doing recovery: scanned up to log sequence number 0 2049327
130922 13:16:11  InnoDB: Started; log sequence number 0 2049327
Can't start server: Bind on TCP/IP port: No such file or directory
130922 13:16:11 [ERROR] Do you already have another mysqld server running on port: 3306 ?
130922 13:16:11 [ERROR] Aborting

130922 13:16:11  InnoDB: Starting shutdown...
130922 13:16:13  InnoDB: Shutdown completed; log sequence number 0 2049327
130922 13:16:13 [Note] mysqld: Shutdown complete

130922 13:16:17  InnoDB: Started; log sequence number 0 2049327
Can't start server: Bind on TCP/IP port: No such file or directory
130922 13:16:17 [ERROR] Do you already have another mysqld server running on port: 3306 ?
130922 13:16:17 [ERROR] Aborting

130922 13:16:17  InnoDB: Starting shutdown...
130922 13:16:19  InnoDB: Shutdown completed; log sequence number 0 2049327
130922 13:16:19 [Note] mysqld: Shutdown complete

130922 13:16:27  InnoDB: Started; log sequence number 0 2049327
Can't start server: Bind on TCP/IP port: No such file or directory
130922 13:16:27 [ERROR] Do you already have another mysqld server running on port: 3306 ?
130922 13:16:27 [ERROR] Aborting

130922 13:16:27  InnoDB: Starting shutdown...
130922 13:16:29  InnoDB: Shutdown completed; log sequence number 0 2049327
130922 13:16:29 [Note] mysqld: Shutdown complete

130925  9:42:49  InnoDB: Started; log sequence number 0 2049327
Can't start server: Bind on TCP/IP port: No such file or directory
130925  9:42:49 [ERROR] Do you already have another mysqld server running on port: 3306 ?
130925  9:42:49 [ERROR] Aborting

130925  9:42:49  InnoDB: Starting shutdown...
130925  9:42:52  InnoDB: Shutdown completed; log sequence number 0 2049327
130925  9:42:52 [Note] mysqld: Shutdown complete

130925  9:43:00  InnoDB: Started; log sequence number 0 2049327
Can't start server: Bind on TCP/IP port: No such file or directory
130925  9:43:00 [ERROR] Do you already have another mysqld server running on port: 3306 ?
130925  9:43:00 [ERROR] Aborting

130925  9:43:00  InnoDB: Starting shutdown...
130925  9:43:02  InnoDB: Shutdown completed; log sequence number 0 2049327
130925  9:43:02 [Note] mysqld: Shutdown complete

140114  9:14:36  InnoDB: Started; log sequence number 0 2049327
140114  9:14:36 [Note] mysqld: ready for connections.
Version: '5.0.22-community'  socket: ''  port: 3306  MySQL Community Edition (GPL)
140115 14:36:47  InnoDB: Operating system error number 32 in a file operation.
InnoDB: Some operating system error numbers are described at
InnoDB: http://dev.mysql.com/doc/mysql/en/Operating_System_error_codes.html
InnoDB: File name .\ibdata1
InnoDB: File operation call: 'open'.
InnoDB: Cannot continue operation.
140116  9:43:45  InnoDB: Database was not shut down normally!
InnoDB: Starting crash recovery.
InnoDB: Reading tablespace information from the .ibd files...
InnoDB: Restoring possible half-written data pages from the doublewrite
InnoDB: buffer...
140116  9:43:46  InnoDB: Starting log scan based on checkpoint at
InnoDB: log sequence number 0 2049337.
InnoDB: Doing recovery: scanned up to log sequence number 0 2049337
140116  9:43:46  InnoDB: Started; log sequence number 0 2049337
140116  9:43:46 [Note] mysqld: ready for connections.
Version: '5.0.22-community'  socket: ''  port: 3306  MySQL Community Edition (GPL)
140117 10:24:33  InnoDB: Operating system error number 32 in a file operation.
InnoDB: Some operating system error numbers are described at
InnoDB: http://dev.mysql.com/doc/mysql/en/Operating_System_error_codes.html
InnoDB: File name .\ibdata1
InnoDB: File operation call: 'open'.
InnoDB: Cannot continue operation.
140304  9:39:16  InnoDB: Database was not shut down normally!
InnoDB: Starting crash recovery.
InnoDB: Reading tablespace information from the .ibd files...
InnoDB: Restoring possible half-written data pages from the doublewrite
InnoDB: buffer...
140304  9:39:16  InnoDB: Starting log scan based on checkpoint at
InnoDB: log sequence number 0 2049337.
InnoDB: Doing recovery: scanned up to log sequence number 0 2049337
140304  9:39:16  InnoDB: Started; log sequence number 0 2049337
140304  9:39:17 [Note] mysqld: ready for connections.
Version: '5.0.22-community'  socket: ''  port: 3306  MySQL Community Edition (GPL)
140304  9:40:17  InnoDB: Operating system error number 32 in a file operation.
InnoDB: Some operating system error numbers are described at
InnoDB: http://dev.mysql.com/doc/mysql/en/Operating_System_error_codes.html
InnoDB: File name .\ibdata1
InnoDB: File operation call: 'open'.
InnoDB: Cannot continue operation.
140304  9:40:20  InnoDB: Operating system error number 32 in a file operation.
InnoDB: Some operating system error numbers are described at
InnoDB: http://dev.mysql.com/doc/mysql/en/Operating_System_error_codes.html
InnoDB: File name .\ibdata1
InnoDB: File operation call: 'open'.
InnoDB: Cannot continue operation.
140311 10:57:07  InnoDB: Database was not shut down normally!
InnoDB: Starting crash recovery.
InnoDB: Reading tablespace information from the .ibd files...
InnoDB: Restoring possible half-written data pages from the doublewrite
InnoDB: buffer...
140311 10:57:08  InnoDB: Starting log scan based on checkpoint at
InnoDB: log sequence number 0 2049347.
InnoDB: Doing recovery: scanned up to log sequence number 0 2049347
140311 10:57:08  InnoDB: Started; log sequence number 0 2049347
140311 10:57:08 [Note] mysqld: ready for connections.
Version: '5.0.22-community'  socket: ''  port: 3306  MySQL Community Edition (GPL)
140313 10:05:54  InnoDB: Database was not shut down normally!
InnoDB: Starting crash recovery.
InnoDB: Reading tablespace information from the .ibd files...
InnoDB: Restoring possible half-written data pages from the doublewrite
InnoDB: buffer...
140313 10:05:54  InnoDB: Starting log scan based on checkpoint at
InnoDB: log sequence number 0 2049347.
InnoDB: Doing recovery: scanned up to log sequence number 0 2049347
140313 10:05:54  InnoDB: Started; log sequence number 0 2049347
140313 10:05:55 [Note] mysqld: ready for connections.
Version: '5.0.22-community'  socket: ''  port: 3306  MySQL Community Edition (GPL)
140509  9:48:00  InnoDB: Database was not shut down normally!
InnoDB: Starting crash recovery.
InnoDB: Reading tablespace information from the .ibd files...
InnoDB: Restoring possible half-written data pages from the doublewrite
InnoDB: buffer...
140509  9:48:00  InnoDB: Starting log scan based on checkpoint at
InnoDB: log sequence number 0 2049347.
InnoDB: Doing recovery: scanned up to log sequence number 0 2049347
140509  9:48:00  InnoDB: Started; log sequence number 0 2049347
140509  9:48:00 [Note] mysqld: ready for connections.
Version: '5.0.22-community'  socket: ''  port: 3306  MySQL Community Edition (GPL)
