InnoDB: The first specified data file .\ibdata1 did not exist:
InnoDB: a new database to be created!
070204 17:09:13  InnoDB: Setting file .\ibdata1 size to 10 MB
InnoDB: Database physically writes the file full: wait...
070204 17:09:14  InnoDB: Log file .\ib_logfile0 did not exist: new to be created
InnoDB: Setting log file .\ib_logfile0 size to 5 MB
InnoDB: Database physically writes the file full: wait...
070204 17:09:14  InnoDB: Log file .\ib_logfile1 did not exist: new to be created
InnoDB: Setting log file .\ib_logfile1 size to 5 MB
InnoDB: Database physically writes the file full: wait...
InnoDB: Doublewrite buffer not found: creating new
InnoDB: Doublewrite buffer created
InnoDB: Creating foreign key constraint system tables
InnoDB: Foreign key constraint system tables created
070204 17:09:15  InnoDB: Started; log sequence number 0 0
070204 17:09:15 [Note] mysqld: ready for connections.
Version: '5.0.22-community'  socket: ''  port: 3306  MySQL Community Edition (GPL)
070204 18:19:38  InnoDB: Database was not shut down normally!
InnoDB: Starting crash recovery.
InnoDB: Reading tablespace information from the .ibd files...
InnoDB: Restoring possible half-written data pages from the doublewrite
InnoDB: buffer...
070204 18:19:38  InnoDB: Starting log scan based on checkpoint at
InnoDB: log sequence number 0 444706.
InnoDB: Doing recovery: scanned up to log sequence number 0 444706
070204 18:19:39  InnoDB: Started; log sequence number 0 444706
070204 18:19:39 [Note] mysqld: ready for connections.
Version: '5.0.22-community'  socket: ''  port: 3306  MySQL Community Edition (GPL)
070204 18:45:07  InnoDB: Database was not shut down normally!
InnoDB: Starting crash recovery.
InnoDB: Reading tablespace information from the .ibd files...
InnoDB: Restoring possible half-written data pages from the doublewrite
InnoDB: buffer...
070204 18:45:08  InnoDB: Starting log scan based on checkpoint at
InnoDB: log sequence number 0 449239.
InnoDB: Doing recovery: scanned up to log sequence number 0 449239
070204 18:45:08  InnoDB: Started; log sequence number 0 449239
070204 18:45:08 [Note] mysqld: ready for connections.
Version: '5.0.22-community'  socket: ''  port: 3306  MySQL Community Edition (GPL)
070205  9:34:17  InnoDB: Database was not shut down normally!
InnoDB: Starting crash recovery.
InnoDB: Reading tablespace information from the .ibd files...
InnoDB: Restoring possible half-written data pages from the doublewrite
InnoDB: buffer...
070205  9:34:17  InnoDB: Starting log scan based on checkpoint at
InnoDB: log sequence number 0 1155417.
InnoDB: Doing recovery: scanned up to log sequence number 0 1155417
070205  9:34:18  InnoDB: Started; log sequence number 0 1155417
070205  9:34:18 [Note] mysqld: ready for connections.
Version: '5.0.22-community'  socket: ''  port: 3306  MySQL Community Edition (GPL)
070205 15:41:46  InnoDB: Database was not shut down normally!
InnoDB: Starting crash recovery.
InnoDB: Reading tablespace information from the .ibd files...
InnoDB: Restoring possible half-written data pages from the doublewrite
InnoDB: buffer...
070205 15:41:46  InnoDB: Starting log scan based on checkpoint at
InnoDB: log sequence number 0 2041585.
InnoDB: Doing recovery: scanned up to log sequence number 0 2041585
070205 15:41:46  InnoDB: Started; log sequence number 0 2041585
070205 15:41:46 [Note] mysqld: ready for connections.
Version: '5.0.22-community'  socket: ''  port: 3306  MySQL Community Edition (GPL)
070206 10:28:21  InnoDB: Database was not shut down normally!
InnoDB: Starting crash recovery.
InnoDB: Reading tablespace information from the .ibd files...
InnoDB: Restoring possible half-written data pages from the doublewrite
InnoDB: buffer...
070206 10:28:21  InnoDB: Starting log scan based on checkpoint at
InnoDB: log sequence number 0 2041585.
InnoDB: Doing recovery: scanned up to log sequence number 0 2041585
070206 10:28:21  InnoDB: Started; log sequence number 0 2041585
070206 10:28:21 [Note] mysqld: ready for connections.
Version: '5.0.22-community'  socket: ''  port: 3306  MySQL Community Edition (GPL)
070206 19:32:28  InnoDB: Database was not shut down normally!
InnoDB: Starting crash recovery.
InnoDB: Reading tablespace information from the .ibd files...
InnoDB: Restoring possible half-written data pages from the doublewrite
InnoDB: buffer...
070206 19:32:29  InnoDB: Starting log scan based on checkpoint at
InnoDB: log sequence number 0 2041595.
InnoDB: Doing recovery: scanned up to log sequence number 0 2041595
070206 19:32:29  InnoDB: Started; log sequence number 0 2041595
070206 19:32:29 [Note] mysqld: ready for connections.
Version: '5.0.22-community'  socket: ''  port: 3306  MySQL Community Edition (GPL)
070207  9:31:22  InnoDB: Database was not shut down normally!
InnoDB: Starting crash recovery.
InnoDB: Reading tablespace information from the .ibd files...
InnoDB: Restoring possible half-written data pages from the doublewrite
InnoDB: buffer...
070207  9:31:22  InnoDB: Starting log scan based on checkpoint at
InnoDB: log sequence number 0 2041605.
InnoDB: Doing recovery: scanned up to log sequence number 0 2041605
070207  9:31:23  InnoDB: Started; log sequence number 0 2041605
070207  9:31:23 [Note] mysqld: ready for connections.
Version: '5.0.22-community'  socket: ''  port: 3306  MySQL Community Edition (GPL)
070214 13:49:42  InnoDB: Database was not shut down normally!
InnoDB: Starting crash recovery.
InnoDB: Reading tablespace information from the .ibd files...
InnoDB: Restoring possible half-written data pages from the doublewrite
InnoDB: buffer...
070214 13:49:43  InnoDB: Starting log scan based on checkpoint at
InnoDB: log sequence number 0 2041605.
InnoDB: Doing recovery: scanned up to log sequence number 0 2041605
070214 13:49:44  InnoDB: Started; log sequence number 0 2041605
070214 13:49:45 [Note] mysqld: ready for connections.
Version: '5.0.22-community'  socket: ''  port: 3306  MySQL Community Edition (GPL)
070226  9:14:48  InnoDB: Database was not shut down normally!
InnoDB: Starting crash recovery.
InnoDB: Reading tablespace information from the .ibd files...
InnoDB: Restoring possible half-written data pages from the doublewrite
InnoDB: buffer...
070226  9:14:48  InnoDB: Starting log scan based on checkpoint at
InnoDB: log sequence number 0 2041615.
InnoDB: Doing recovery: scanned up to log sequence number 0 2041615
070226  9:14:49  InnoDB: Started; log sequence number 0 2041615
070226  9:14:49 [Note] mysqld: ready for connections.
Version: '5.0.22-community'  socket: ''  port: 3306  MySQL Community Edition (GPL)
070226 18:31:05  InnoDB: Database was not shut down normally!
InnoDB: Starting crash recovery.
InnoDB: Reading tablespace information from the .ibd files...
InnoDB: Restoring possible half-written data pages from the doublewrite
InnoDB: buffer...
070226 18:31:05  InnoDB: Starting log scan based on checkpoint at
InnoDB: log sequence number 0 2044117.
InnoDB: Doing recovery: scanned up to log sequence number 0 2044117
070226 18:31:05  InnoDB: Started; log sequence number 0 2044117
070226 18:31:06 [Note] mysqld: ready for connections.
Version: '5.0.22-community'  socket: ''  port: 3306  MySQL Community Edition (GPL)
070227  9:17:10  InnoDB: Database was not shut down normally!
InnoDB: Starting crash recovery.
InnoDB: Reading tablespace information from the .ibd files...
InnoDB: Restoring possible half-written data pages from the doublewrite
InnoDB: buffer...
070227  9:17:11  InnoDB: Starting log scan based on checkpoint at
InnoDB: log sequence number 0 2044117.
InnoDB: Doing recovery: scanned up to log sequence number 0 2044117
070227  9:17:11  InnoDB: Started; log sequence number 0 2044117
070227  9:17:13 [Note] mysqld: ready for connections.
Version: '5.0.22-community'  socket: ''  port: 3306  MySQL Community Edition (GPL)
070307 13:50:41  InnoDB: Database was not shut down normally!
InnoDB: Starting crash recovery.
InnoDB: Reading tablespace information from the .ibd files...
InnoDB: Restoring possible half-written data pages from the doublewrite
InnoDB: buffer...
070307 13:50:41  InnoDB: Starting log scan based on checkpoint at
InnoDB: log sequence number 0 2044117.
InnoDB: Doing recovery: scanned up to log sequence number 0 2044117
070307 13:50:41  InnoDB: Started; log sequence number 0 2044117
070307 13:50:42 [Note] mysqld: ready for connections.
Version: '5.0.22-community'  socket: ''  port: 3306  MySQL Community Edition (GPL)
070308 14:12:39  InnoDB: Database was not shut down normally!
InnoDB: Starting crash recovery.
InnoDB: Reading tablespace information from the .ibd files...
InnoDB: Restoring possible half-written data pages from the doublewrite
InnoDB: buffer...
070308 14:12:39  InnoDB: Starting log scan based on checkpoint at
InnoDB: log sequence number 0 2044117.
InnoDB: Doing recovery: scanned up to log sequence number 0 2044117
070308 14:12:39  InnoDB: Started; log sequence number 0 2044117
070308 14:12:39 [Note] mysqld: ready for connections.
Version: '5.0.22-community'  socket: ''  port: 3306  MySQL Community Edition (GPL)
070308 20:36:41  InnoDB: Database was not shut down normally!
InnoDB: Starting crash recovery.
InnoDB: Reading tablespace information from the .ibd files...
InnoDB: Restoring possible half-written data pages from the doublewrite
InnoDB: buffer...
070308 20:36:41  InnoDB: Starting log scan based on checkpoint at
InnoDB: log sequence number 0 2044117.
InnoDB: Doing recovery: scanned up to log sequence number 0 2044117
070308 20:36:41  InnoDB: Started; log sequence number 0 2044117
070308 20:36:42 [Note] mysqld: ready for connections.
Version: '5.0.22-community'  socket: ''  port: 3306  MySQL Community Edition (GPL)
070312 17:55:59  InnoDB: Database was not shut down normally!
InnoDB: Starting crash recovery.
InnoDB: Reading tablespace information from the .ibd files...
InnoDB: Restoring possible half-written data pages from the doublewrite
InnoDB: buffer...
070312 17:55:59  InnoDB: Starting log scan based on checkpoint at
InnoDB: log sequence number 0 2044117.
InnoDB: Doing recovery: scanned up to log sequence number 0 2044117
070312 17:56:00  InnoDB: Started; log sequence number 0 2044117
070312 17:56:00 [Note] mysqld: ready for connections.
Version: '5.0.22-community'  socket: ''  port: 3306  MySQL Community Edition (GPL)
070313 17:16:28  InnoDB: Database was not shut down normally!
InnoDB: Starting crash recovery.
InnoDB: Reading tablespace information from the .ibd files...
InnoDB: Restoring possible half-written data pages from the doublewrite
InnoDB: buffer...
070313 17:16:28  InnoDB: Starting log scan based on checkpoint at
InnoDB: log sequence number 0 2044117.
InnoDB: Doing recovery: scanned up to log sequence number 0 2044117
070313 17:16:28  InnoDB: Started; log sequence number 0 2044117
070313 17:16:29 [Note] mysqld: ready for connections.
Version: '5.0.22-community'  socket: ''  port: 3306  MySQL Community Edition (GPL)
070315  9:23:47  InnoDB: Database was not shut down normally!
InnoDB: Starting crash recovery.
InnoDB: Reading tablespace information from the .ibd files...
InnoDB: Restoring possible half-written data pages from the doublewrite
InnoDB: buffer...
070315  9:23:48  InnoDB: Starting log scan based on checkpoint at
InnoDB: log sequence number 0 2044117.
InnoDB: Doing recovery: scanned up to log sequence number 0 2044117
070315  9:23:48  InnoDB: Started; log sequence number 0 2044117
070315  9:23:48 [Note] mysqld: ready for connections.
Version: '5.0.22-community'  socket: ''  port: 3306  MySQL Community Edition (GPL)
070316  9:45:52  InnoDB: Database was not shut down normally!
InnoDB: Starting crash recovery.
InnoDB: Reading tablespace information from the .ibd files...
InnoDB: Restoring possible half-written data pages from the doublewrite
InnoDB: buffer...
070316  9:45:52  InnoDB: Starting log scan based on checkpoint at
InnoDB: log sequence number 0 2044117.
InnoDB: Doing recovery: scanned up to log sequence number 0 2044117
070316  9:45:53  InnoDB: Started; log sequence number 0 2044117
070316  9:45:53 [Note] mysqld: ready for connections.
Version: '5.0.22-community'  socket: ''  port: 3306  MySQL Community Edition (GPL)
070317  9:58:21  InnoDB: Database was not shut down normally!
InnoDB: Starting crash recovery.
InnoDB: Reading tablespace information from the .ibd files...
InnoDB: Restoring possible half-written data pages from the doublewrite
InnoDB: buffer...
070317  9:58:21  InnoDB: Starting log scan based on checkpoint at
InnoDB: log sequence number 0 2044127.
InnoDB: Doing recovery: scanned up to log sequence number 0 2044127
070317  9:58:21  InnoDB: Started; log sequence number 0 2044127
070317  9:58:22 [Note] mysqld: ready for connections.
Version: '5.0.22-community'  socket: ''  port: 3306  MySQL Community Edition (GPL)
070318  9:59:23  InnoDB: Database was not shut down normally!
InnoDB: Starting crash recovery.
InnoDB: Reading tablespace information from the .ibd files...
InnoDB: Restoring possible half-written data pages from the doublewrite
InnoDB: buffer...
070318  9:59:23  InnoDB: Starting log scan based on checkpoint at
InnoDB: log sequence number 0 2044127.
InnoDB: Doing recovery: scanned up to log sequence number 0 2044127
070318  9:59:23  InnoDB: Started; log sequence number 0 2044127
070318  9:59:24 [Note] mysqld: ready for connections.
Version: '5.0.22-community'  socket: ''  port: 3306  MySQL Community Edition (GPL)
070319  9:57:10  InnoDB: Database was not shut down normally!
InnoDB: Starting crash recovery.
InnoDB: Reading tablespace information from the .ibd files...
InnoDB: Restoring possible half-written data pages from the doublewrite
InnoDB: buffer...
070319  9:57:11  InnoDB: Starting log scan based on checkpoint at
InnoDB: log sequence number 0 2044127.
InnoDB: Doing recovery: scanned up to log sequence number 0 2044127
070319  9:57:11  InnoDB: Started; log sequence number 0 2044127
070319  9:57:11 [Note] mysqld: ready for connections.
Version: '5.0.22-community'  socket: ''  port: 3306  MySQL Community Edition (GPL)
070319 21:01:00  InnoDB: Database was not shut down normally!
InnoDB: Starting crash recovery.
InnoDB: Reading tablespace information from the .ibd files...
InnoDB: Restoring possible half-written data pages from the doublewrite
InnoDB: buffer...
070319 21:01:01  InnoDB: Starting log scan based on checkpoint at
InnoDB: log sequence number 0 2044127.
InnoDB: Doing recovery: scanned up to log sequence number 0 2044127
070319 21:01:01  InnoDB: Started; log sequence number 0 2044127
070319 21:01:01 [Note] mysqld: ready for connections.
Version: '5.0.22-community'  socket: ''  port: 3306  MySQL Community Edition (GPL)
070320  9:21:17  InnoDB: Database was not shut down normally!
InnoDB: Starting crash recovery.
InnoDB: Reading tablespace information from the .ibd files...
InnoDB: Restoring possible half-written data pages from the doublewrite
InnoDB: buffer...
070320  9:21:17  InnoDB: Starting log scan based on checkpoint at
InnoDB: log sequence number 0 2044127.
InnoDB: Doing recovery: scanned up to log sequence number 0 2044127
070320  9:21:17  InnoDB: Started; log sequence number 0 2044127
070320  9:21:17 [Note] mysqld: ready for connections.
Version: '5.0.22-community'  socket: ''  port: 3306  MySQL Community Edition (GPL)
070320 20:56:53  InnoDB: Database was not shut down normally!
InnoDB: Starting crash recovery.
InnoDB: Reading tablespace information from the .ibd files...
InnoDB: Restoring possible half-written data pages from the doublewrite
InnoDB: buffer...
070320 20:56:53  InnoDB: Starting log scan based on checkpoint at
InnoDB: log sequence number 0 2044127.
InnoDB: Doing recovery: scanned up to log sequence number 0 2044127
070320 20:56:53  InnoDB: Started; log sequence number 0 2044127
070320 20:56:53 [Note] mysqld: ready for connections.
Version: '5.0.22-community'  socket: ''  port: 3306  MySQL Community Edition (GPL)
070321  9:33:41  InnoDB: Database was not shut down normally!
InnoDB: Starting crash recovery.
InnoDB: Reading tablespace information from the .ibd files...
InnoDB: Restoring possible half-written data pages from the doublewrite
InnoDB: buffer...
070321  9:33:41  InnoDB: Starting log scan based on checkpoint at
InnoDB: log sequence number 0 2044127.
InnoDB: Doing recovery: scanned up to log sequence number 0 2044127
070321  9:33:41  InnoDB: Started; log sequence number 0 2044127
070321  9:33:42 [Note] mysqld: ready for connections.
Version: '5.0.22-community'  socket: ''  port: 3306  MySQL Community Edition (GPL)
070321 21:09:01  InnoDB: Database was not shut down normally!
InnoDB: Starting crash recovery.
InnoDB: Reading tablespace information from the .ibd files...
InnoDB: Restoring possible half-written data pages from the doublewrite
InnoDB: buffer...
070321 21:09:01  InnoDB: Starting log scan based on checkpoint at
InnoDB: log sequence number 0 2044127.
InnoDB: Doing recovery: scanned up to log sequence number 0 2044127
070321 21:09:01  InnoDB: Started; log sequence number 0 2044127
070321 21:09:02 [Note] mysqld: ready for connections.
Version: '5.0.22-community'  socket: ''  port: 3306  MySQL Community Edition (GPL)
070322  9:08:05  InnoDB: Database was not shut down normally!
InnoDB: Starting crash recovery.
InnoDB: Reading tablespace information from the .ibd files...
InnoDB: Restoring possible half-written data pages from the doublewrite
InnoDB: buffer...
070322  9:08:06  InnoDB: Starting log scan based on checkpoint at
InnoDB: log sequence number 0 2044127.
InnoDB: Doing recovery: scanned up to log sequence number 0 2044127
070322  9:08:06  InnoDB: Started; log sequence number 0 2044127
070322  9:08:07 [Note] mysqld: ready for connections.
Version: '5.0.22-community'  socket: ''  port: 3306  MySQL Community Edition (GPL)
070322 20:49:11  InnoDB: Database was not shut down normally!
InnoDB: Starting crash recovery.
InnoDB: Reading tablespace information from the .ibd files...
InnoDB: Restoring possible half-written data pages from the doublewrite
InnoDB: buffer...
070322 20:49:11  InnoDB: Starting log scan based on checkpoint at
InnoDB: log sequence number 0 2044127.
InnoDB: Doing recovery: scanned up to log sequence number 0 2044127
070322 20:49:11  InnoDB: Started; log sequence number 0 2044127
070322 20:49:11 [Note] mysqld: ready for connections.
Version: '5.0.22-community'  socket: ''  port: 3306  MySQL Community Edition (GPL)
070323 11:55:44  InnoDB: Database was not shut down normally!
InnoDB: Starting crash recovery.
InnoDB: Reading tablespace information from the .ibd files...
InnoDB: Restoring possible half-written data pages from the doublewrite
InnoDB: buffer...
070323 11:55:45  InnoDB: Starting log scan based on checkpoint at
InnoDB: log sequence number 0 2044127.
InnoDB: Doing recovery: scanned up to log sequence number 0 2044127
070323 11:55:45  InnoDB: Started; log sequence number 0 2044127
070323 11:55:45 [Note] mysqld: ready for connections.
Version: '5.0.22-community'  socket: ''  port: 3306  MySQL Community Edition (GPL)
070323 20:02:11  InnoDB: Database was not shut down normally!
InnoDB: Starting crash recovery.
InnoDB: Reading tablespace information from the .ibd files...
InnoDB: Restoring possible half-written data pages from the doublewrite
InnoDB: buffer...
070323 20:02:11  InnoDB: Starting log scan based on checkpoint at
InnoDB: log sequence number 0 2044127.
InnoDB: Doing recovery: scanned up to log sequence number 0 2044127
070323 20:02:12  InnoDB: Started; log sequence number 0 2044127
070323 20:02:12 [Note] mysqld: ready for connections.
Version: '5.0.22-community'  socket: ''  port: 3306  MySQL Community Edition (GPL)
070324 15:22:29  InnoDB: Database was not shut down normally!
InnoDB: Starting crash recovery.
InnoDB: Reading tablespace information from the .ibd files...
InnoDB: Restoring possible half-written data pages from the doublewrite
InnoDB: buffer...
070324 15:22:30  InnoDB: Starting log scan based on checkpoint at
InnoDB: log sequence number 0 2044127.
InnoDB: Doing recovery: scanned up to log sequence number 0 2044127
070324 15:22:30  InnoDB: Started; log sequence number 0 2044127
070324 15:22:30 [Note] mysqld: ready for connections.
Version: '5.0.22-community'  socket: ''  port: 3306  MySQL Community Edition (GPL)
070324 18:04:55  InnoDB: Database was not shut down normally!
InnoDB: Starting crash recovery.
InnoDB: Reading tablespace information from the .ibd files...
InnoDB: Restoring possible half-written data pages from the doublewrite
InnoDB: buffer...
070324 18:04:56  InnoDB: Starting log scan based on checkpoint at
InnoDB: log sequence number 0 2044127.
InnoDB: Doing recovery: scanned up to log sequence number 0 2044127
070324 18:04:56  InnoDB: Started; log sequence number 0 2044127
070324 18:04:56 [Note] mysqld: ready for connections.
Version: '5.0.22-community'  socket: ''  port: 3306  MySQL Community Edition (GPL)
070325  9:02:37  InnoDB: Database was not shut down normally!
InnoDB: Starting crash recovery.
InnoDB: Reading tablespace information from the .ibd files...
InnoDB: Restoring possible half-written data pages from the doublewrite
InnoDB: buffer...
070325  9:02:37  InnoDB: Starting log scan based on checkpoint at
InnoDB: log sequence number 0 2044127.
InnoDB: Doing recovery: scanned up to log sequence number 0 2044127
070325  9:02:37  InnoDB: Started; log sequence number 0 2044127
070325  9:02:38 [Note] mysqld: ready for connections.
Version: '5.0.22-community'  socket: ''  port: 3306  MySQL Community Edition (GPL)
070326  9:16:46  InnoDB: Database was not shut down normally!
InnoDB: Starting crash recovery.
InnoDB: Reading tablespace information from the .ibd files...
InnoDB: Restoring possible half-written data pages from the doublewrite
InnoDB: buffer...
070326  9:16:46  InnoDB: Starting log scan based on checkpoint at
InnoDB: log sequence number 0 2044127.
InnoDB: Doing recovery: scanned up to log sequence number 0 2044127
070326  9:16:46  InnoDB: Started; log sequence number 0 2044127
070326  9:16:46 [Note] mysqld: ready for connections.
Version: '5.0.22-community'  socket: ''  port: 3306  MySQL Community Edition (GPL)
070326 21:08:19  InnoDB: Database was not shut down normally!
InnoDB: Starting crash recovery.
InnoDB: Reading tablespace information from the .ibd files...
InnoDB: Restoring possible half-written data pages from the doublewrite
InnoDB: buffer...
070326 21:08:19  InnoDB: Starting log scan based on checkpoint at
InnoDB: log sequence number 0 2044127.
InnoDB: Doing recovery: scanned up to log sequence number 0 2044127
070326 21:08:20  InnoDB: Started; log sequence number 0 2044127
070326 21:08:20 [Note] mysqld: ready for connections.
Version: '5.0.22-community'  socket: ''  port: 3306  MySQL Community Edition (GPL)
070327  9:10:56  InnoDB: Database was not shut down normally!
InnoDB: Starting crash recovery.
InnoDB: Reading tablespace information from the .ibd files...
InnoDB: Restoring possible half-written data pages from the doublewrite
InnoDB: buffer...
070327  9:10:56  InnoDB: Starting log scan based on checkpoint at
InnoDB: log sequence number 0 2044127.
InnoDB: Doing recovery: scanned up to log sequence number 0 2044127
070327  9:10:56  InnoDB: Started; log sequence number 0 2044127
070327  9:10:56 [Note] mysqld: ready for connections.
Version: '5.0.22-community'  socket: ''  port: 3306  MySQL Community Edition (GPL)
070328  9:16:55  InnoDB: Database was not shut down normally!
InnoDB: Starting crash recovery.
InnoDB: Reading tablespace information from the .ibd files...
InnoDB: Restoring possible half-written data pages from the doublewrite
InnoDB: buffer...
070328  9:16:55  InnoDB: Starting log scan based on checkpoint at
InnoDB: log sequence number 0 2044137.
InnoDB: Doing recovery: scanned up to log sequence number 0 2044137
070328  9:16:55  InnoDB: Started; log sequence number 0 2044137
070328  9:16:56 [Note] mysqld: ready for connections.
Version: '5.0.22-community'  socket: ''  port: 3306  MySQL Community Edition (GPL)
070329  9:14:29  InnoDB: Database was not shut down normally!
InnoDB: Starting crash recovery.
InnoDB: Reading tablespace information from the .ibd files...
InnoDB: Restoring possible half-written data pages from the doublewrite
InnoDB: buffer...
070329  9:14:29  InnoDB: Starting log scan based on checkpoint at
InnoDB: log sequence number 0 2044147.
InnoDB: Doing recovery: scanned up to log sequence number 0 2044147
070329  9:14:29  InnoDB: Started; log sequence number 0 2044147
070329  9:14:30 [Note] mysqld: ready for connections.
Version: '5.0.22-community'  socket: ''  port: 3306  MySQL Community Edition (GPL)
070330 12:57:49  InnoDB: Database was not shut down normally!
InnoDB: Starting crash recovery.
InnoDB: Reading tablespace information from the .ibd files...
InnoDB: Restoring possible half-written data pages from the doublewrite
InnoDB: buffer...
070330 12:57:49  InnoDB: Starting log scan based on checkpoint at
InnoDB: log sequence number 0 2044157.
InnoDB: Doing recovery: scanned up to log sequence number 0 2044157
070330 12:57:49  InnoDB: Started; log sequence number 0 2044157
070330 12:57:49 [Note] mysqld: ready for connections.
Version: '5.0.22-community'  socket: ''  port: 3306  MySQL Community Edition (GPL)
070331 12:40:25  InnoDB: Database was not shut down normally!
InnoDB: Starting crash recovery.
InnoDB: Reading tablespace information from the .ibd files...
InnoDB: Restoring possible half-written data pages from the doublewrite
InnoDB: buffer...
070331 12:40:26  InnoDB: Starting log scan based on checkpoint at
InnoDB: log sequence number 0 2044157.
InnoDB: Doing recovery: scanned up to log sequence number 0 2044157
070331 12:40:26  InnoDB: Started; log sequence number 0 2044157
070331 12:40:27 [Note] mysqld: ready for connections.
Version: '5.0.22-community'  socket: ''  port: 3306  MySQL Community Edition (GPL)
070406 17:16:31  InnoDB: Database was not shut down normally!
InnoDB: Starting crash recovery.
InnoDB: Reading tablespace information from the .ibd files...
InnoDB: Restoring possible half-written data pages from the doublewrite
InnoDB: buffer...
070406 17:16:32  InnoDB: Starting log scan based on checkpoint at
InnoDB: log sequence number 0 2044157.
InnoDB: Doing recovery: scanned up to log sequence number 0 2044157
070406 17:16:32  InnoDB: Started; log sequence number 0 2044157
070406 17:16:32 [Note] mysqld: ready for connections.
Version: '5.0.22-community'  socket: ''  port: 3306  MySQL Community Edition (GPL)
